Setting breakpad minidump AppID = 266510
Steam_SetMinidumpSteamID:  Caching Steam ID:  76561198077377030 [API loaded no]
ZE=8
GLX_ALPHA_SIZE=8
GLX_DEPTH_SIZE=24
GLX_STENCIL_SIZE=8
GLX_SAMPLES_ARB=0
GLX_SAMPLE_BUFFERS_ARB=0
GLX_STEREO=0
GLX_CONFIG_CAVEAT=NONE

Desktop is 1920 x 1080 @ 60 Hz
Initialize engine version: 5.3.7f1 (c347874230fb)
GfxDevice: creating device client; threaded=1
GLX Extensions: GLX_ARB_create_context GLX_ARB_create_context_profile GLX_ARB_create_context_robustness GLX_ARB_fbconfig_float GLX_ARB_framebuffer_sRGB GLX_ARB_get_proc_address GLX_ARB_multisample GLX_EXT_buffer_age GLX_EXT_create_context_es2_profile GLX_EXT_create_context_es_profile GLX_EXT_fbconfig_packed_float GLX_EXT_framebuffer_sRGB GLX_EXT_import_context GLX_EXT_texture_from_pixmap GLX_EXT_visual_info GLX_EXT_visual_rating GLX_INTEL_swap_event GLX_MESA_copy_sub_buffer GLX_MESA_multithread_makecurrent GLX_MESA_query_renderer GLX_MESA_swap_control GLX_OML_swap_method GLX_OML_sync_control GLX_SGIS_multisample GLX_SGIX_fbconfig GLX_SGIX_pbuffer GLX_SGIX_visual_select_group GLX_SGI_make_current_read GLX_SGI_swap_control GLX_SGI_video_sync 
OpenGL:
    Version:  OpenGL 3.0 [3.0 Mesa 17.3.2]
    Renderer: Mesa DRI Intel(R) HD Graphics 530 (Skylake GT2) 
    Vendor:   Intel Open Source Technology Center
    VRAM:     3072 MB
    Extensions: GL_ARB_multisample GL_EXT_abgr GL_EXT_bgra GL_EXT_blend_color GL_EXT_blend_minmax GL_EXT_blend_subtract GL_EXT_copy_texture GL_EXT_polygon_offset GL_EXT_subtexture GL_EXT_texture_object GL_EXT_vertex_array GL_EXT_compiled_vertex_array GL_EXT_texture GL_EXT_texture3D GL_IBM_rasterpos_clip GL_ARB_point_parameters GL_EXT_draw_range_elements GL_EXT_packed_pixels GL_EXT_point_parameters GL_EXT_rescale_normal GL_EXT_separate_specular_color GL_EXT_texture_edge_clamp GL_SGIS_generate_mipmap GL_SGIS_texture_border_clamp GL_SGIS_texture_edge_clamp GL_SGIS_texture_lod GL_ARB_framebuffer_sRGB GL_ARB_multitexture GL_EXT_framebuffer_sRGB GL_IBM_multimode_draw_arrays GL_IBM_texture_mirrored_repeat GL_3DFX_texture_compression_FXT1 GL_ARB_texture_cube_map GL_ARB_texture_env_add GL_ARB_transpose_matrix GL_EXT_blend_func_separate GL_EXT_fog_coord GL_EXT_multi_draw_arrays GL_EXT_secondary_color GL_EXT_texture_env_add GL_EXT_texture_filter_anisotropic GL_EXT_texture_lod_bias GL_INGR_blend_func_separate GL_NV_blend_square GL_NV_light_max_exponent GL_NV_texgen_reflection GL_NV_texture_env_combine4 GL_S3_s3tc GL_SUN_multi_draw_arrays GL_ARB_texture_border_clamp GL_ARB_texture_compression GL_EXT_framebuffer_object GL_EXT_texture_compression_s3tc GL_EXT_texture_env_combine GL_EXT_texture_env_dot3 GL_MESA_window_pos GL_NV_packed_depth_stencil GL_NV_texture_rectangle GL_ARB_depth_texture GL_ARB_occlusion_query GL_ARB_shadow GL_ARB_texture_env_combine GL_ARB_texture_env_crossbar GL_ARB_texture_env_dot3 GL_ARB_texture_mirrored_repeat GL_ARB_window_pos GL_EXT_stencil_two_side GL_EXT_texture_cube_map GL_NV_depth_clamp GL_APPLE_packed_pixels GL_ARB_draw_buffers GL_ARB_fragment_program GL_ARB_fragment_shader GL_ARB_shader_objects GL_ARB_vertex_program GL_ARB_vertex_shader GL_ATI_draw_buffers GL_ATI_texture_env_combine3 GL_ATI_texture_float GL_EXT_shadow_funcs GL_EXT_stencil_wrap GL_MESA_pack_invert GL_NV_primitive_restart GL_ARB_depth_clamp GL_ARB_fragment_program_shadow GL_ARB_half_float_pixel GL_ARB_occlusion_query2 GL_ARB_point_sprite GL_ARB_shading_language_100 GL_ARB_sync GL_ARB_texture_non_power_of_two GL_ARB_vertex_buffer_object GL_ATI_blend_equation_separate GL_EXT_blend_equation_separate GL_OES_read_format GL_ARB_color_buffer_float GL_ARB_pixel_buffer_object GL_ARB_texture_compression_rgtc GL_ARB_texture_float GL_ARB_texture_rectangle GL_EXT_packed_float GL_EXT_pixel_buffer_object GL_EXT_texture_compression_dxt1 GL_EXT_texture_compression_rgtc GL_EXT_texture_rectangle GL_EXT_texture_sRGB GL_EXT_texture_shared_exponent GL_ARB_framebuffer_object GL_EXT_framebuffer_blit GL_EXT_framebuffer_multisample GL_EXT_packed_depth_stencil GL_APPLE_object_purgeable GL_ARB_vertex_array_object GL_ATI_separate_stencil GL_EXT_draw_buffers2 GL_EXT_draw_instanced GL_EXT_gpu_program_parameters GL_EXT_texture_array GL_EXT_texture_integer GL_EXT_texture_sRGB_decode GL_EXT_timer_query GL_OES_EGL_image GL_ARB_copy_buffer GL_ARB_depth_buffer_float GL_ARB_draw_instanced GL_ARB_half_float_vertex GL_ARB_instanced_arrays GL_ARB_map_buffer_range GL_ARB_texture_rg GL_ARB_texture_swizzle GL_ARB_vertex_array_bgra GL_EXT_texture_swizzle GL_EXT_vertex_array_bgra GL_NV_conditional_render GL_AMD_conservative_depth GL_AMD_draw_buffers_blend GL_AMD_seamless_cubemap_per_texture GL_AMD_shader_stencil_export GL_ARB_ES2_compatibility GL_ARB_blend_func_extended GL_ARB_debug_output GL_ARB_draw_buffers_blend GL_ARB_draw_elements_base_vertex GL_ARB_explicit_attrib_location GL_ARB_fragment_coord_conventions GL_ARB_provoking_vertex GL_ARB_sample_shading GL_ARB_sampler_objects GL_ARB_seamless_cube_map GL_ARB_shader_stencil_export GL_ARB_shader_texture_lod GL_ARB_texture_cube_map_array GL_ARB_texture_gather GL_ARB_texture_multisample GL_ARB_texture_query_lod GL_ARB_texture_rgb10_a2ui GL_ARB_uniform_buffer_object GL_ARB_vertex_type_2_10_10_10_rev GL_EXT_provoking_vertex GL_EXT_texture_snorm GL_MESA_texture_signed_rgba GL_NV_texture_barrier GL_ARB_get_program_binary GL_ARB_robustness GL_ARB_separate_shader_objects GL_ARB_shader_bit_encoding GL_ARB_shader_precision GL_ARB_texture_compression_bptc GL_ARB_timer_query GL_ARB_transform_feedback2 GL_ARB_transform_feedback3 GL_ANGLE_texture_compression_dxt3 GL_ANGLE_texture_compression_dxt5 GL_ARB_compressed_texture_pixel_storage GL_ARB_conservative_depth GL_ARB_internalformat_query GL_ARB_map_buffer_alignment GL_ARB_shader_atomic_counters GL_ARB_shader_image_load_store GL_ARB_shading_language_420pack GL_ARB_shading_language_packing GL_ARB_texture_storage GL_ARB_transform_feedback_instanced GL_EXT_framebuffer_multisample_blit_scaled GL_EXT_transform_feedback GL_AMD_shader_trinary_minmax GL_ARB_ES3_compatibility GL_ARB_arrays_of_arrays GL_ARB_clear_buffer_object GL_ARB_compute_shader GL_ARB_copy_image GL_ARB_explicit_uniform_location GL_ARB_framebuffer_no_attachments GL_ARB_invalidate_subdata GL_ARB_program_interface_query GL_ARB_robust_buffer_access_behavior GL_ARB_shader_image_size GL_ARB_shader_storage_buffer_object GL_ARB_stencil_texturing GL_ARB_texture_query_levels GL_ARB_texture_storage_multisample GL_ARB_texture_view GL_ARB_vertex_attrib_binding GL_KHR_debug GL_KHR_robustness GL_KHR_texture_compression_astc_ldr GL_ARB_buffer_storage GL_ARB_clear_texture GL_ARB_internalformat_query2 GL_ARB_multi_bind GL_ARB_query_buffer_object GL_ARB_seamless_cubemap_per_texture GL_ARB_shader_draw_parameters GL_ARB_shader_group_vote GL_ARB_texture_mirror_clamp_to_edge GL_ARB_texture_stencil8 GL_ARB_vertex_type_10f_11f_11f_rev GL_EXT_shader_integer_mix GL_INTEL_performance_query GL_ARB_clip_control GL_ARB_conditional_render_inverted GL_ARB_cull_distance GL_ARB_derivative_control GL_ARB_get_texture_sub_image GL_ARB_pipeline_statistics_query GL_ARB_shader_texture_image_samples GL_ARB_texture_barrier GL_ARB_transform_feedback_overflow_query GL_EXT_polygon_offset_clamp GL_KHR_blend_equation_advanced GL_KHR_blend_equation_advanced_coherent GL_KHR_context_flush_control GL_KHR_robust_buffer_access_behavior GL_ARB_shader_atomic_counter_ops GL_ARB_shader_ballot GL_ARB_shader_clock GL_EXT_shader_samples_identical GL_KHR_no_error GL_KHR_texture_compression_astc_sliced_3d GL_MESA_shader_integer_functions GL_ARB_polygon_offset_clamp GL_ARB_texture_filter_anisotropic 
GLX Extensions: GLX_ARB_create_context GLX_ARB_create_context_profile GLX_ARB_create_context_robustness GLX_ARB_fbconfig_float GLX_ARB_framebuffer_sRGB GLX_ARB_get_proc_address GLX_ARB_multisample GLX_EXT_buffer_age GLX_EXT_create_context_es2_profile GLX_EXT_create_context_es_profile GLX_EXT_fbconfig_packed_float GLX_EXT_framebuffer_sRGB GLX_EXT_import_context GLX_EXT_texture_from_pixmap GLX_EXT_visual_info GLX_EXT_visual_rating GLX_INTEL_swap_event GLX_MESA_copy_sub_buffer GLX_MESA_multithread_makecurrent GLX_MESA_query_renderer GLX_MESA_swap_control GLX_OML_swap_method GLX_OML_sync_control GLX_SGIS_multisample GLX_SGIX_fbconfig GLX_SGIX_pbuffer GLX_SGIX_visual_select_group GLX_SGI_make_current_read GLX_SGI_swap_control GLX_SGI_video_sync 
Setting maxVSyncInterval to 4
GL: Detected 3072 MB VRAM
AudioManager: Using ALSA: default
Begin MonoManager ReloadAssembly
Platform assembly: /home/tardis/system/SteamLibrary/steamapps/common/Hand of Fate/Hand of Fate_Data/Managed/UnityEngine.dll (this message is harmless)
Loading /home/tardis/system/SteamLibrary/steamapps/common/Hand of Fate/Hand of Fate_Data/Managed/UnityEngine.dll into Unity Child Domain
Platform assembly: /home/tardis/system/SteamLibrary/steamapps/common/Hand of Fate/Hand of Fate_Data/Managed/Assembly-CSharp-firstpass.dll (this message is harmless)
Loading /home/tardis/system/SteamLibrary/steamapps/common/Hand of Fate/Hand of Fate_Data/Managed/Assembly-CSharp-firstpass.dll into Unity Child Domain
Platform assembly: /home/tardis/system/SteamLibrary/steamapps/common/Hand of Fate/Hand of Fate_Data/Managed/Assembly-CSharp.dll (this message is harmless)
Loading /home/tardis/system/SteamLibrary/steamapps/common/Hand of Fate/Hand of Fate_Data/Managed/Assembly-CSharp.dll into Unity Child Domain
Platform assembly: /home/tardis/system/SteamLibrary/steamapps/common/Hand of Fate/Hand of Fate_Data/Managed/Assembly-UnityScript-firstpass.dll (this message is harmless)
Loading /home/tardis/system/SteamLibrary/steamapps/common/Hand of Fate/Hand of Fate_Data/Managed/Assembly-UnityScript-firstpass.dll into Unity Child Domain
Platform assembly: /home/tardis/system/SteamLibrary/steamapps/common/Hand of Fate/Hand of Fate_Data/Managed/Assembly-UnityScript.dll (this message is harmless)
Loading /home/tardis/system/SteamLibrary/steamapps/common/Hand of Fate/Hand of Fate_Data/Managed/Assembly-UnityScript.dll into Unity Child Domain
Platform assembly: /home/tardis/system/SteamLibrary/steamapps/common/Hand of Fate/Hand of Fate_Data/Managed/UnityEngine.UI.dll (this message is harmless)
Loading /home/tardis/system/SteamLibrary/steamapps/common/Hand of Fate/Hand of Fate_Data/Managed/UnityEngine.UI.dll into Unity Child Domain
Platform assembly: /home/tardis/system/SteamLibrary/steamapps/common/Hand of Fate/Hand of Fate_Data/Managed/UnityEngine.Networking.dll (this message is harmless)
Loading /home/tardis/system/SteamLibrary/steamapps/common/Hand of Fate/Hand of Fate_Data/Managed/UnityEngine.Networking.dll into Unity Child Domain
Platform assembly: /home/tardis/system/SteamLibrary/steamapps/common/Hand of Fate/Hand of Fate_Data/Managed/DomainModel.dll (this message is harmless)
Loading /home/tardis/system/SteamLibrary/steamapps/common/Hand of Fate/Hand of Fate_Data/Managed/DomainModel.dll into Unity Child Domain
Platform assembly: /home/tardis/system/SteamLibrary/steamapps/common/Hand of Fate/Hand of Fate_Data/Managed/DomainModelSerializer.dll (this message is harmless)
Loading /home/tardis/system/SteamLibrary/steamapps/common/Hand of Fate/Hand of Fate_Data/Managed/DomainModelSerializer.dll into Unity Child Domain
Platform assembly: /home/tardis/system/SteamLibrary/steamapps/common/Hand of Fate/Hand of Fate_Data/Managed/protobuf-net.dll (this message is harmless)
Loading /home/tardis/system/SteamLibrary/steamapps/common/Hand of Fate/Hand of Fate_Data/Managed/protobuf-net.dll into Unity Child Domain
Platform assembly: /home/tardis/system/SteamLibrary/steamapps/common/Hand of Fate/Hand of Fate_Data/Managed/UnityEngine.CrashLog.dll (this message is harmless)
Loading /home/tardis/system/SteamLibrary/steamapps/common/Hand of Fate/Hand of Fate_Data/Managed/UnityEngine.CrashLog.dll into Unity Child Domain
- Completed reload, in  0.036 seconds
Platform assembly: /home/tardis/system/SteamLibrary/steamapps/common/Hand of Fate/Hand of Fate_Data/Managed/System.Core.dll (this message is harmless)
Platform assembly: /home/tardis/system/SteamLibrary/steamapps/common/Hand of Fate/Hand of Fate_Data/Managed/System.dll (this message is harmless)
Default vsync count 1
requesting resize -1 x -1
Using native desktop resolution 1920 x 1080
requesting fullscreen 1920 x 1080 at 0 Hz
Desktop is 1920 x 1080 @ 60 Hz
Using libudev for joystick management


Importing game controller configs
UnloadTime: 0.680000 ms
Changing real window size to 625 x 1037
Changing real window size to 625 x 1037
Changing real window size to 1920 x 1080
Changing real window size to 1920 x 1080
Changing real window size to 1920 x 1080
Loading card_Table
 
(Filename: /home/builduser/buildslave/unity/build/artifacts/generated/common/runtime/UnityEngineDebugBindings.gen.cpp Line: 37)

Version: 1.3.20
SVN Revision: 37899
Build Number: 170
Build Time: 2017-08-18T13:10:50.106Z

 
(Filename: /home/builduser/buildslave/unity/build/artifacts/generated/common/runtime/UnityEngineDebugBindings.gen.cpp Line: 37)

The referenced script on this Behaviour (Game Object 'Reset Level') is missing!
 
(Filename:  Line: 1655)

Unloading 6 Unused Serialized files (Serialized files now loaded: 2)
Level card_Table is loaded
 
(Filename: /home/builduser/buildslave/unity/build/artifacts/generated/common/runtime/UnityEngineDebugBindings.gen.cpp Line: 37)

WARNING: Shader Unsupported: 'Hidden/Dof/DX11Dof' - Pass '' has no vertex shader
WARNING: Shader Unsupported: 'Hidden/Dof/DX11Dof' - Setting to default shader.
UnloadTime: 17.948999 ms
All Cards contains:
684 cards total

278 encounter cards
73 monster cards
37 supply cards

29 pain cards

27 weapon cards
9 shield cards
15 armour cards
34 helm cards
7 glove cards
0 ring cards
0 amulet cards
17 artifact cards
40 trinket cards

27 blessing cards
50 curse cards

 
(Filename: /home/builduser/buildslave/unity/build/artifacts/generated/common/runtime/UnityEngineDebugBindings.gen.cpp Line: 37)

target validation failed. destroying the tween to avoid errors
 
(Filename: /home/builduser/buildslave/unity/build/artifacts/generated/common/runtime/UnityEngineDebugBindings.gen.cpp Line: 37)


Unloading 22 unused Assets to reduce memory usage. Loaded Objects now: 95669.
Total: 84.264999 ms (FindLiveObjects: 5.144000 ms CreateObjectMapping: 7.410000 ms MarkObjects: 71.473000 ms  DeleteObjects: 0.237000 ms)

Loading PlayerProfile
 
(Filename: /home/builduser/buildslave/unity/build/artifacts/generated/common/runtime/UnityEngineDebugBindings.gen.cpp Line: 37)

PlayerProfile successfully loaded
 
(Filename: /home/builduser/buildslave/unity/build/artifacts/generated/common/runtime/UnityEngineDebugBindings.gen.cpp Line: 37)

Checking for profile update from 34876 to 37899
 
(Filename: /home/builduser/buildslave/unity/build/artifacts/generated/common/runtime/UnityEngineDebugBindings.gen.cpp Line: 37)

Cards added? True, Tokens added? False, Cards removed? False, Tokens removed? False, Outdated HighScores? False
 
(Filename: /home/builduser/buildslave/unity/build/artifacts/generated/common/runtime/UnityEngineDebugBindings.gen.cpp Line: 37)

-Added cards:
 
(Filename: /home/builduser/buildslave/unity/build/artifacts/generated/common/runtime/UnityEngineDebugBindings.gen.cpp Line: 37)

--FortuneCard_Gold+20
 
(Filename: /home/builduser/buildslave/unity/build/artifacts/generated/common/runtime/UnityEngineDebugBindings.gen.cpp Line: 37)

--FortuneCard_Gold+30
 
(Filename: /home/builduser/buildslave/unity/build/artifacts/generated/common/runtime/UnityEngineDebugBindings.gen.cpp Line: 37)

--FortuneCard_Equipment+1
 
(Filename: /home/builduser/buildslave/unity/build/artifacts/generated/common/runtime/UnityEngineDebugBindings.gen.cpp Line: 37)

--FortuneCard_Equipment+1
 
(Filename: /home/builduser/buildslave/unity/build/artifacts/generated/common/runtime/UnityEngineDebugBindings.gen.cpp Line: 37)

Saving PlayerProfile
 
(Filename: /home/builduser/buildslave/unity/build/artifacts/generated/common/runtime/UnityEngineDebugBindings.gen.cpp Line: 37)

Requesting Stats: True
 
(Filename: /home/builduser/buildslave/unity/build/artifacts/generated/common/runtime/UnityEngineDebugBindings.gen.cpp Line: 37)

Saving PlayerProfile
 
(Filename: /home/builduser/buildslave/unity/build/artifacts/generated/common/runtime/UnityEngineDebugBindings.gen.cpp Line: 37)

Saving PlayerProfile
 
(Filename: /home/builduser/buildslave/unity/build/artifacts/generated/common/runtime/UnityEngineDebugBindings.gen.cpp Line: 37)

On User Stats Recieved
 
(Filename: /home/builduser/buildslave/unity/build/artifacts/generated/common/runtime/UnityEngineDebugBindings.gen.cpp Line: 37)

Recieved stats and achievements from Steam
 
(Filename: /home/builduser/buildslave/unity/build/artifacts/generated/common/runtime/UnityEngineDebugBindings.gen.cpp Line: 37)

Store Steam Stats
 
(Filename: /home/builduser/buildslave/unity/build/artifacts/generated/common/runtime/UnityEngineDebugBindings.gen.cpp Line: 37)

AchievementManager_Steam(Clone): StoreStats success
 
(Filename: /home/builduser/buildslave/unity/build/artifacts/generated/common/runtime/UnityEngineDebugBindings.gen.cpp Line: 37)

Store Steam Stats
 
(Filename: /home/builduser/buildslave/unity/build/artifacts/generated/common/runtime/UnityEngineDebugBindings.gen.cpp Line: 37)

AchievementManager_Steam(Clone): StoreStats success
 
(Filename: /home/builduser/buildslave/unity/build/artifacts/generated/common/runtime/UnityEngineDebugBindings.gen.cpp Line: 37)


 
(Filename:  Line: 1114)

target validation failed. destroying the tween to avoid errors
 
(Filename: /home/builduser/buildslave/unity/build/artifacts/generated/common/runtime/UnityEngineDebugBindings.gen.cpp Line: 37)

AutoDeck First Pass Pool Contains:
EncounterCard_Lionel(Clone) (100) (T0)
EncounterCard_HugeHammer1(Clone) (100) (T0)
EncounterCard_TwistedCanyon(Clone) (100) (T0)
EncounterCard_MaidenB(Clone) (100) (T90)
EncounterCard_Embertown_Hero_1(Clone) (100) (T0)
EncounterCard_Heroes_Remains_1(Clone) (100) (T0)
EncounterCard_HelpfulPriest(Clone) (100) (T60)
EncounterCard_MarketPlace(Clone) (30) (T80)
EncounterCard_Ghost02(Clone) (1) (T80)
EncounterCard_Duke(Clone) (1) (T80)
EncounterCard_GoblinKingHalls2(Clone) (0) (T70)
EncounterCard_Cave Rescue(Clone) (35) (T70)
EncounterCard_TheCount(Clone) (45) (T70)
EncounterCard_HugeHammer2(Clone) (100) (T70)
EncounterCard_Underworld2(Clone) (5) (T65)
EncounterCard_WhiteMinotaur3(Clone) (5) (T65)
EncounterCard_Tavern_Wager(Clone) (30) (T60)
EncounterCard_Noble(Clone) (35) (T60)
EncounterCard_Eagle(Clone) (30) (T60)
EncounterCard_Demon(Clone) (1) (T50)
EncounterCard_Lost In Desert(Clone) (5) (T50)
EncounterCard_Charity2(Clone) (20) (T50)
EncounterCard_ShopGeneric(Clone) (45) (T0)
EncounterCard_WomanInForest(Clone) (35) (T60)
EncounterCard_DeadKingsHall(Clone) (35) (T70)
EncounterCard_Loan(Clone) (35) (T80)
EncounterCard_TreasureChamber(Clone) (35) (T0)
EncounterCard_Carnival(Clone) (30) (T55)
EncounterCard_TheAltar(Clone) (30) (T65)
EncounterCard_Lizardome(Clone) (5) (T29)
EncounterCard_AWindingTrail(Clone) (26) (T0)
EncounterCard_BanditAttack(Clone) (25) (T0)
EncounterCard_BattleAtBrooktop(Clone) (25) (T70)
EncounterCard_Kraken_2_Smugglers Wharf(Clone) (0) (T25)
EncounterCard_DevilsChoice(Clone) (25) (T80)
EncounterCard_Ambush(Clone) (15) (T0)
EncounterCard_ChooseFight(Clone) (15) (T0)
EncounterCard_Deadman's Gorge(Clone) (10) (T0)
EncounterCard_WifesFury(Clone) (10) (T60)
EncounterCard_River(Clone) (10) (T55)
EncounterCard_MapShuffle(Clone) (5) (T0)
EncounterCard_TheCrucible(Clone) (5) (T85)
EncounterCard_Headstones(Clone) (5) (T50)
EncounterCard_WhiteCouncil3(Clone) (5) (T1)
EncounterCard_DevilsWager(Clone) (5) (T1)

 
(Filename: /home/builduser/buildslave/unity/build/artifacts/generated/common/runtime/UnityEngineDebugBindings.gen.cpp Line: 37)

First Pass Adding:
EncounterCard_Lionel(Clone) (100) (T0)
EncounterCard_HugeHammer1(Clone) (100) (T0)
EncounterCard_TwistedCanyon(Clone) (100) (T0)
EncounterCard_MaidenB(Clone) (100) (T90)
EncounterCard_Embertown_Hero_1(Clone) (100) (T0)
EncounterCard_Heroes_Remains_1(Clone) (100) (T0)
EncounterCard_HelpfulPriest(Clone) (100) (T60)
EncounterCard_MarketPlace(Clone) (30) (T80)
EncounterCard_Ghost02(Clone) (1) (T80)
EncounterCard_Duke(Clone) (1) (T80)
EncounterCard_GoblinKingHalls2(Clone) (0) (T70)
EncounterCard_Cave Rescue(Clone) (35) (T70)
EncounterCard_TheCount(Clone) (45) (T70)
EncounterCard_HugeHammer2(Clone) (100) (T70)

 
(Filename: /home/builduser/buildslave/unity/build/artifacts/generated/common/runtime/UnityEngineDebugBindings.gen.cpp Line: 37)

AutoDeck Second Pass Pool Contains:
EncounterCard_ShopGeneric(Clone) (45) (T0)
EncounterCard_Loan(Clone) (35) (T80)
EncounterCard_TreasureChamber(Clone) (35) (T0)
EncounterCard_WomanInForest(Clone) (35) (T60)
EncounterCard_Noble(Clone) (35) (T60)
EncounterCard_DeadKingsHall(Clone) (35) (T70)
EncounterCard_Tavern_Wager(Clone) (30) (T60)
EncounterCard_Carnival(Clone) (30) (T55)
EncounterCard_TheAltar(Clone) (30) (T65)
EncounterCard_Eagle(Clone) (30) (T60)
EncounterCard_AWindingTrail(Clone) (26) (T0)
EncounterCard_BattleAtBrooktop(Clone) (25) (T70)
EncounterCard_BanditAttack(Clone) (25) (T0)
EncounterCard_DevilsChoice(Clone) (25) (T80)
EncounterCard_Charity2(Clone) (20) (T50)
EncounterCard_ChooseFight(Clone) (15) (T0)
EncounterCard_Ambush(Clone) (15) (T0)
EncounterCard_Deadman's Gorge(Clone) (10) (T0)
EncounterCard_River(Clone) (10) (T55)
EncounterCard_WifesFury(Clone) (10) (T60)
EncounterCard_Lizardome(Clone) (5) (T29)
EncounterCard_WhiteCouncil3(Clone) (5) (T1)
EncounterCard_Underworld2(Clone) (5) (T65)
EncounterCard_Lost In Desert(Clone) (5) (T50)
EncounterCard_TheCrucible(Clone) (5) (T85)
EncounterCard_Headstones(Clone) (5) (T50)
EncounterCard_WhiteMinotaur3(Clone) (5) (T65)
EncounterCard_MapShuffle(Clone) (5) (T0)
EncounterCard_DevilsWager(Clone) (5) (T1)
EncounterCard_Demon(Clone) (1) (T50)
EncounterCard_Kraken_2_Smugglers Wharf(Clone) (0) (T25)

 
(Filename: /home/builduser/buildslave/unity/build/artifacts/generated/common/runtime/UnityEngineDebugBindings.gen.cpp Line: 37)

Second Pass Adding:
EncounterCard_ShopGeneric(Clone) (45) (T0)
EncounterCard_Loan(Clone) (35) (T80)
EncounterCard_TreasureChamber(Clone) (35) (T0)
EncounterCard_WomanInForest(Clone) (35) (T60)
EncounterCard_Noble(Clone) (35) (T60)
EncounterCard_DeadKingsHall(Clone) (35) (T70)
EncounterCard_Tavern_Wager(Clone) (30) (T60)
EncounterCard_Carnival(Clone) (30) (T55)

 
(Filename: /home/builduser/buildslave/unity/build/artifacts/generated/common/runtime/UnityEngineDebugBindings.gen.cpp Line: 37)

Created Automatic Deck

Encounter Cards:
EncounterCard_RatmenHunting
EncounterCard_RatmenHunting
EncounterCard_RatmenHunting
SpecialEncounterCard_Lich
SpecialEncounterCard_Orc
SpecialEncounterCard_LizardmanQueen
EncounterCard_Lionel
EncounterCard_HugeHammer1
EncounterCard_TwistedCanyon
EncounterCard_MaidenB
EncounterCard_Embertown_Hero_1
EncounterCard_Heroes_Remains_1
EncounterCard_HelpfulPriest
EncounterCard_MarketPlace
EncounterCard_Ghost02
EncounterCard_Duke
EncounterCard_GoblinKingHalls2
EncounterCard_Cave Rescue
EncounterCard_TheCount
EncounterCard_HugeHammer2
EncounterCard_ShopTest
EncounterCard_Loan
EncounterCard_TreasureChamber
EncounterCard_WomanInForest
EncounterCard_Noble
EncounterCard_DeadKingsHall
EncounterCard_Tavern_Wager
EncounterCard_Carnival

Equipment Cards:
EquipmentCard_ScorchingZeal
EquipmentCard_Lifes Limb
EquipmentCard_Skeleton King Shield
EquipmentCard_Emperors Jewel
EquipmentCard_Beserker Armor
EquipmentCard_Chains of Rage
EquipmentCard_Great Helm of Reinforcement
EquipmentCard_Skeleton King Helm
EquipmentCard_Fleet Cuffs
EquipmentCard_Mercenary Contract
EquipmentCard_Feathered Ice
EquipmentCard_Ring of Survival
EquipmentCard_Spiritual Healing
EquipmentCard_Undead Bane
EquipmentCard_Thunderstrike
EquipmentCard_Skeleton_King_Sword
EquipmentCard_FortitudesBreath
EquipmentCard_Huge Hammer
EquipmentCard_Frost Fang
EquipmentCard_War Cry
EquipmentCard_Armour of Cold
EquipmentCard_Healer's Ring
EquipmentCard_Consuming Shame
EquipmentCard_Healing Cap
EquipmentCard_Explorer's Helmet
EquipmentCard_Helm of Reflection
EquipmentCard_Arrow Cutter
EquipmentCard_Hernes Antlers

 
(Filename: /home/builduser/buildslave/unity/build/artifacts/generated/common/runtime/UnityEngineDebugBindings.gen.cpp Line: 37)

target validation failed. destroying the tween to avoid errors
 
(Filename: /home/builduser/buildslave/unity/build/artifacts/generated/common/runtime/UnityEngineDebugBindings.gen.cpp Line: 37)

Saving PlayerProfile
 
(Filename: /home/builduser/buildslave/unity/build/artifacts/generated/common/runtime/UnityEngineDebugBindings.gen.cpp Line: 37)

Saving PlayerProfile
 
(Filename: /home/builduser/buildslave/unity/build/artifacts/generated/common/runtime/UnityEngineDebugBindings.gen.cpp Line: 37)

You can't place widgets on a layer different than the UIPanel that manages them.
If you want to move widgets to a different layer, parent them to a new panel instead.
 
(Filename: /home/builduser/buildslave/unity/build/artifacts/generated/common/runtime/UnityEngineDebugBindings.gen.cpp Line: 37)

You can't place widgets on a layer different than the UIPanel that manages them.
If you want to move widgets to a different layer, parent them to a new panel instead.
 
(Filename: /home/builduser/buildslave/unity/build/artifacts/generated/common/runtime/UnityEngineDebugBindings.gen.cpp Line: 37)

You can't place widgets on a layer different than the UIPanel that manages them.
If you want to move widgets to a different layer, parent them to a new panel instead.
 
(Filename: /home/builduser/buildslave/unity/build/artifacts/generated/common/runtime/UnityEngineDebugBindings.gen.cpp Line: 37)

You can't place widgets on a layer different than the UIPanel that manages them.
If you want to move widgets to a different layer, parent them to a new panel instead.
 
(Filename: /home/builduser/buildslave/unity/build/artifacts/generated/common/runtime/UnityEngineDebugBindings.gen.cpp Line: 37)

You can't place widgets on a layer different than the UIPanel that manages them.
If you want to move widgets to a different layer, parent them to a new panel instead.
 
(Filename: /home/builduser/buildslave/unity/build/artifacts/generated/common/runtime/UnityEngineDebugBindings.gen.cpp Line: 37)

You can't place widgets on a layer different than the UIPanel that manages them.
If you want to move widgets to a different layer, parent them to a new panel instead.
 
(Filename: /home/builduser/buildslave/unity/build/artifacts/generated/common/runtime/UnityEngineDebugBindings.gen.cpp Line: 37)

You can't place widgets on a layer different than the UIPanel that manages them.
If you want to move widgets to a different layer, parent them to a new panel instead.
 
(Filename: /home/builduser/buildslave/unity/build/artifacts/generated/common/runtime/UnityEngineDebugBindings.gen.cpp Line: 37)

You can't place widgets on a layer different than the UIPanel that manages them.
If you want to move widgets to a different layer, parent them to a new panel instead.
 
(Filename: /home/builduser/buildslave/unity/build/artifacts/generated/common/runtime/UnityEngineDebugBindings.gen.cpp Line: 37)

Saving PlayerProfile
 
(Filename: /home/builduser/buildslave/unity/build/artifacts/generated/common/runtime/UnityEngineDebugBindings.gen.cpp Line: 37)

Saving PlayerProfile
 
(Filename: /home/builduser/buildslave/unity/build/artifacts/generated/common/runtime/UnityEngineDebugBindings.gen.cpp Line: 37)

Starting dungeon as Archetype_Apprentice
 
(Filename: /home/builduser/buildslave/unity/build/artifacts/generated/common/runtime/UnityEngineDebugBindings.gen.cpp Line: 37)

Building Endless Dungeon
 
(Filename: /home/builduser/buildslave/unity/build/artifacts/generated/common/runtime/UnityEngineDebugBindings.gen.cpp Line: 37)

EquipmentHand.OnCardAdded EquipmentCard_Sword (EquipmentCard)
 
(Filename: /home/builduser/buildslave/unity/build/artifacts/generated/common/runtime/UnityEngineDebugBindings.gen.cpp Line: 37)

Equipping EquipmentCard_Sword (EquipmentCard)
 
(Filename: /home/builduser/buildslave/unity/build/artifacts/generated/common/runtime/UnityEngineDebugBindings.gen.cpp Line: 37)

EquipmentHand.OnCardAdded EquipmentCard_Shield (EquipmentCard)
 
(Filename: /home/builduser/buildslave/unity/build/artifacts/generated/common/runtime/UnityEngineDebugBindings.gen.cpp Line: 37)

Equipping EquipmentCard_Shield (EquipmentCard)
 
(Filename: /home/builduser/buildslave/unity/build/artifacts/generated/common/runtime/UnityEngineDebugBindings.gen.cpp Line: 37)

EquipmentHand.OnCardAdded EquipmentCard_Medium Armour (EquipmentCard)
 
(Filename: /home/builduser/buildslave/unity/build/artifacts/generated/common/runtime/UnityEngineDebugBindings.gen.cpp Line: 37)

Equipping EquipmentCard_Medium Armour (EquipmentCard)
 
(Filename: /home/builduser/buildslave/unity/build/artifacts/generated/common/runtime/UnityEngineDebugBindings.gen.cpp Line: 37)

EquipmentHand.OnCardAdded EquipmentCard_Apprentice_Helm (EquipmentCard)
 
(Filename: /home/builduser/buildslave/unity/build/artifacts/generated/common/runtime/UnityEngineDebugBindings.gen.cpp Line: 37)

Equipping EquipmentCard_Apprentice_Helm (EquipmentCard)
 
(Filename: /home/builduser/buildslave/unity/build/artifacts/generated/common/runtime/UnityEngineDebugBindings.gen.cpp Line: 37)

EquipmentHand.OnCardAdded EquipmentCard_Merchant's Ring (EquipmentCard)
 
(Filename: /home/builduser/buildslave/unity/build/artifacts/generated/common/runtime/UnityEngineDebugBindings.gen.cpp Line: 37)

Equipping EquipmentCard_Merchant's Ring (EquipmentCard)
 
(Filename: /home/builduser/buildslave/unity/build/artifacts/generated/common/runtime/UnityEngineDebugBindings.gen.cpp Line: 37)

EquipmentHand.OnCardAdded EquipmentCard_Ring of Hindsight (EquipmentCard)
 
(Filename: /home/builduser/buildslave/unity/build/artifacts/generated/common/runtime/UnityEngineDebugBindings.gen.cpp Line: 37)

Equipping EquipmentCard_Ring of Hindsight (EquipmentCard)
 
(Filename: /home/builduser/buildslave/unity/build/artifacts/generated/common/runtime/UnityEngineDebugBindings.gen.cpp Line: 37)

Unable to find appropriate card in Blessing Deck, looking in discard deck.
 
(Filename: /home/builduser/buildslave/unity/build/artifacts/generated/common/runtime/UnityEngineDebugBindings.gen.cpp Line: 37)

Unable to find appropriate card in discard deck, looking in fallback card set.
 
(Filename: /home/builduser/buildslave/unity/build/artifacts/generated/common/runtime/UnityEngineDebugBindings.gen.cpp Line: 37)

Unable to get card from Blessing Deck
 
(Filename: /home/builduser/buildslave/unity/build/artifacts/generated/common/runtime/UnityEngineDebugBindings.gen.cpp Line: 37)

MetaModifier (ApprenticeGuardianAngelMetaModifier) triggered
 
(Filename: /home/builduser/buildslave/unity/build/artifacts/generated/common/runtime/UnityEngineDebugBindings.gen.cpp Line: 37)

Applied Event Result: EventResult
 
(Filename: /home/builduser/buildslave/unity/build/artifacts/generated/common/runtime/UnityEngineDebugBindings.gen.cpp Line: 37)

DrawEquipmentOnNewDungeonMetaModifier (DrawEquipmentOnNewDungeonMetaModifier) triggered
 
(Filename: /home/builduser/buildslave/unity/build/artifacts/generated/common/runtime/UnityEngineDebugBindings.gen.cpp Line: 37)

ModifierHand.OnCardAdded ModifierCard_GuardianAngel (ModifierCard)
 
(Filename: /home/builduser/buildslave/unity/build/artifacts/generated/common/runtime/UnityEngineDebugBindings.gen.cpp Line: 37)

Applying modifier ModifierCard_GuardianAngel (ModifierCard)
 
(Filename: /home/builduser/buildslave/unity/build/artifacts/generated/common/runtime/UnityEngineDebugBindings.gen.cpp Line: 37)

EquipmentHand.OnCardRemoved EquipmentCard_Shield (EquipmentCard)
 
(Filename: /home/builduser/buildslave/unity/build/artifacts/generated/common/runtime/UnityEngineDebugBindings.gen.cpp Line: 37)

Unequipping EquipmentCard_Shield (EquipmentCard)
 
(Filename: /home/builduser/buildslave/unity/build/artifacts/generated/common/runtime/UnityEngineDebugBindings.gen.cpp Line: 37)

DrawModifierOnNewDungeonMetaModifier (DrawModifierOnNewDungeonMetaModifier) triggered
 
(Filename: /home/builduser/buildslave/unity/build/artifacts/generated/common/runtime/UnityEngineDebugBindings.gen.cpp Line: 37)

EquipmentHand.OnCardAdded EquipmentCard_Shield (EquipmentCard)
 
(Filename: /home/builduser/buildslave/unity/build/artifacts/generated/common/runtime/UnityEngineDebugBindings.gen.cpp Line: 37)

Equipping EquipmentCard_Shield (EquipmentCard)
 
(Filename: /home/builduser/buildslave/unity/build/artifacts/generated/common/runtime/UnityEngineDebugBindings.gen.cpp Line: 37)

ModifierHand.OnCardAdded ModifierCard_WilloftheGods (ModifierCard)
 
(Filename: /home/builduser/buildslave/unity/build/artifacts/generated/common/runtime/UnityEngineDebugBindings.gen.cpp Line: 37)

Applying modifier ModifierCard_WilloftheGods (ModifierCard)
 
(Filename: /home/builduser/buildslave/unity/build/artifacts/generated/common/runtime/UnityEngineDebugBindings.gen.cpp Line: 37)

Saving PlayerProfile
 
(Filename: /home/builduser/buildslave/unity/build/artifacts/generated/common/runtime/UnityEngineDebugBindings.gen.cpp Line: 37)

Activating Slot MapLayoutSlot (1, 2) (MapLayoutSlot) on frame 2049
 
(Filename: /home/builduser/buildslave/unity/build/artifacts/generated/common/runtime/UnityEngineDebugBindings.gen.cpp Line: 37)

Entered Encounter: Encounter_Charity(Clone)
 
(Filename: /home/builduser/buildslave/unity/build/artifacts/generated/common/runtime/UnityEngineDebugBindings.gen.cpp Line: 37)

Starting Encounter Event: introZero
 
(Filename: /home/builduser/buildslave/unity/build/artifacts/generated/common/runtime/UnityEngineDebugBindings.gen.cpp Line: 37)

Choice Chosen: ChoiceB
 
(Filename: /home/builduser/buildslave/unity/build/artifacts/generated/common/runtime/UnityEngineDebugBindings.gen.cpp Line: 37)

Readying Success results for introZero -> ChoiceB
 
(Filename: /home/builduser/buildslave/unity/build/artifacts/generated/common/runtime/UnityEngineDebugBindings.gen.cpp Line: 37)

Applied Event Result: NewEventEncounterEventResult
 
(Filename: /home/builduser/buildslave/unity/build/artifacts/generated/common/runtime/UnityEngineDebugBindings.gen.cpp Line: 37)

Starting Encounter Event: intro
 
(Filename: /home/builduser/buildslave/unity/build/artifacts/generated/common/runtime/UnityEngineDebugBindings.gen.cpp Line: 37)

Choice Chosen: give
 
(Filename: /home/builduser/buildslave/unity/build/artifacts/generated/common/runtime/UnityEngineDebugBindings.gen.cpp Line: 37)

Readying Success results for intro -> give
 
(Filename: /home/builduser/buildslave/unity/build/artifacts/generated/common/runtime/UnityEngineDebugBindings.gen.cpp Line: 37)

Applied Event Result: NewEventEncounterEventResult
 
(Filename: /home/builduser/buildslave/unity/build/artifacts/generated/common/runtime/UnityEngineDebugBindings.gen.cpp Line: 37)

Starting Encounter Event: give <=20
 
(Filename: /home/builduser/buildslave/unity/build/artifacts/generated/common/runtime/UnityEngineDebugBindings.gen.cpp Line: 37)

Choice Chosen: 5
 
(Filename: /home/builduser/buildslave/unity/build/artifacts/generated/common/runtime/UnityEngineDebugBindings.gen.cpp Line: 37)

Readying Success results for give <=20 -> 5
 
(Filename: /home/builduser/buildslave/unity/build/artifacts/generated/common/runtime/UnityEngineDebugBindings.gen.cpp Line: 37)

Applied Event Result: PlayerStatEventResult
 
(Filename: /home/builduser/buildslave/unity/build/artifacts/generated/common/runtime/UnityEngineDebugBindings.gen.cpp Line: 37)

Applied Event Result: NewEventEncounterEventResult
 
(Filename: /home/builduser/buildslave/unity/build/artifacts/generated/common/runtime/UnityEngineDebugBindings.gen.cpp Line: 37)

Starting Encounter Event: chanceMed
 
(Filename: /home/builduser/buildslave/unity/build/artifacts/generated/common/runtime/UnityEngineDebugBindings.gen.cpp Line: 37)

Choice Chosen: ChoiceA
 
(Filename: /home/builduser/buildslave/unity/build/artifacts/generated/common/runtime/UnityEngineDebugBindings.gen.cpp Line: 37)

GuardianAngelMetaModifier (GuardianAngelMetaModifier) triggered
 
(Filename: /home/builduser/buildslave/unity/build/artifacts/generated/common/runtime/UnityEngineDebugBindings.gen.cpp Line: 37)

Readying Success results for chanceMed -> ChoiceA
 
(Filename: /home/builduser/buildslave/unity/build/artifacts/generated/common/runtime/UnityEngineDebugBindings.gen.cpp Line: 37)

Applied Event Result: DrawCardOfTypeEventResult
 
(Filename: /home/builduser/buildslave/unity/build/artifacts/generated/common/runtime/UnityEngineDebugBindings.gen.cpp Line: 37)

EquipmentHand.OnCardAdded EquipmentCard_Damocles (EquipmentCard)
 
(Filename: /home/builduser/buildslave/unity/build/artifacts/generated/common/runtime/UnityEngineDebugBindings.gen.cpp Line: 37)

Equipping EquipmentCard_Damocles (EquipmentCard)
 
(Filename: /home/builduser/buildslave/unity/build/artifacts/generated/common/runtime/UnityEngineDebugBindings.gen.cpp Line: 37)

Applied Event Result: PeekMapCardEventResult
 
(Filename: /home/builduser/buildslave/unity/build/artifacts/generated/common/runtime/UnityEngineDebugBindings.gen.cpp Line: 37)

Applied Event Result: DrawNCardsOfTypeEventResult
 
(Filename: /home/builduser/buildslave/unity/build/artifacts/generated/common/runtime/UnityEngineDebugBindings.gen.cpp Line: 37)

Applied Event Result: DrawFortuneTypeCardEventResult
 
(Filename: /home/builduser/buildslave/unity/build/artifacts/generated/common/runtime/UnityEngineDebugBindings.gen.cpp Line: 37)

Encounter Event Panel  Cleanup
 
(Filename: /home/builduser/buildslave/unity/build/artifacts/generated/common/runtime/UnityEngineDebugBindings.gen.cpp Line: 37)

Saving PlayerProfile
 
(Filename: /home/builduser/buildslave/unity/build/artifacts/generated/common/runtime/UnityEngineDebugBindings.gen.cpp Line: 37)

Activating Slot MapLayoutSlot (2, 2) (MapLayoutSlot) on frame 3076
 
(Filename: /home/builduser/buildslave/unity/build/artifacts/generated/common/runtime/UnityEngineDebugBindings.gen.cpp Line: 37)

Entered Encounter: Encounter_DevilsWager(Clone)
 
(Filename: /home/builduser/buildslave/unity/build/artifacts/generated/common/runtime/UnityEngineDebugBindings.gen.cpp Line: 37)

Starting Encounter Event: intro
 
(Filename: /home/builduser/buildslave/unity/build/artifacts/generated/common/runtime/UnityEngineDebugBindings.gen.cpp Line: 37)

Choice Chosen: 2 MONSTERS
 
(Filename: /home/builduser/buildslave/unity/build/artifacts/generated/common/runtime/UnityEngineDebugBindings.gen.cpp Line: 37)

Readying Success results for intro -> 2 MONSTERS
 
(Filename: /home/builduser/buildslave/unity/build/artifacts/generated/common/runtime/UnityEngineDebugBindings.gen.cpp Line: 37)

Applied Event Result: DrawCardOfTypeEventResult
 
(Filename: /home/builduser/buildslave/unity/build/artifacts/generated/common/runtime/UnityEngineDebugBindings.gen.cpp Line: 37)

Applied Event Result: NewEventEncounterEventResult
 
(Filename: /home/builduser/buildslave/unity/build/artifacts/generated/common/runtime/UnityEngineDebugBindings.gen.cpp Line: 37)

Starting Encounter Event: choice
 
(Filename: /home/builduser/buildslave/unity/build/artifacts/generated/common/runtime/UnityEngineDebugBindings.gen.cpp Line: 37)

Choice Chosen: yes
 
(Filename: /home/builduser/buildslave/unity/build/artifacts/generated/common/runtime/UnityEngineDebugBindings.gen.cpp Line: 37)

Readying Success results for choice -> yes
 
(Filename: /home/builduser/buildslave/unity/build/artifacts/generated/common/runtime/UnityEngineDebugBindings.gen.cpp Line: 37)

Applied Event Result: PlayerStatEventResult
 
(Filename: /home/builduser/buildslave/unity/build/artifacts/generated/common/runtime/UnityEngineDebugBindings.gen.cpp Line: 37)

Applied Event Result: PlayerStatEventResult
 
(Filename: /home/builduser/buildslave/unity/build/artifacts/generated/common/runtime/UnityEngineDebugBindings.gen.cpp Line: 37)

Applied Event Result: ChangeCardScoreEventResult
 
(Filename: /home/builduser/buildslave/unity/build/artifacts/generated/common/runtime/UnityEngineDebugBindings.gen.cpp Line: 37)

Applied Event Result: NewEventEncounterEventResult
 
(Filename: /home/builduser/buildslave/unity/build/artifacts/generated/common/runtime/UnityEngineDebugBindings.gen.cpp Line: 37)

Starting Encounter Event: pre-combat
 
(Filename: /home/builduser/buildslave/unity/build/artifacts/generated/common/runtime/UnityEngineDebugBindings.gen.cpp Line: 37)

Choice Chosen: ChoiceA
 
(Filename: /home/builduser/buildslave/unity/build/artifacts/generated/common/runtime/UnityEngineDebugBindings.gen.cpp Line: 37)

Readying Success results for pre-combat -> ChoiceA
 
(Filename: /home/builduser/buildslave/unity/build/artifacts/generated/common/runtime/UnityEngineDebugBindings.gen.cpp Line: 37)

Applied Event Result: NewEventEncounterEventResult
 
(Filename: /home/builduser/buildslave/unity/build/artifacts/generated/common/runtime/UnityEngineDebugBindings.gen.cpp Line: 37)

Starting Encounter Event: combat
 
(Filename: /home/builduser/buildslave/unity/build/artifacts/generated/common/runtime/UnityEngineDebugBindings.gen.cpp Line: 37)

Choice Chosen: ChoiceA
 
(Filename: /home/builduser/buildslave/unity/build/artifacts/generated/common/runtime/UnityEngineDebugBindings.gen.cpp Line: 37)

Readying Success results for combat -> ChoiceA
 
(Filename: /home/builduser/buildslave/unity/build/artifacts/generated/common/runtime/UnityEngineDebugBindings.gen.cpp Line: 37)

Loading ship_level_ocean
 
(Filename: /home/builduser/buildslave/unity/build/artifacts/generated/common/runtime/UnityEngineDebugBindings.gen.cpp Line: 37)

GameState_Level_In.OnEnter
 
(Filename: /home/builduser/buildslave/unity/build/artifacts/generated/common/runtime/UnityEngineDebugBindings.gen.cpp Line: 37)

Unloading 24 Unused Serialized files (Serialized files now loaded: 3)
Level ship_level_ocean is loaded
 
(Filename: /home/builduser/buildslave/unity/build/artifacts/generated/common/runtime/UnityEngineDebugBindings.gen.cpp Line: 37)

UnloadTime: 5.049000 ms
PoolManager.OnLevelWasLoaded before 56
 
(Filename: /home/builduser/buildslave/unity/build/artifacts/generated/common/runtime/UnityEngineDebugBindings.gen.cpp Line: 37)

PoolManager.OnLevelWasLoaded after 11
 
(Filename: /home/builduser/buildslave/unity/build/artifacts/generated/common/runtime/UnityEngineDebugBindings.gen.cpp Line: 37)


Unloading 118 unused Assets to reduce memory usage. Loaded Objects now: 127100.
Total: 115.778000 ms (FindLiveObjects: 5.824000 ms CreateObjectMapping: 8.248000 ms MarkObjects: 99.950996 ms  DeleteObjects: 1.755000 ms)

EquipmentHand.OnCardRemoved EquipmentCard_Damocles (EquipmentCard)
 
(Filename: /home/builduser/buildslave/unity/build/artifacts/generated/common/runtime/UnityEngineDebugBindings.gen.cpp Line: 37)

EquipmentHand.OnCombatCardAdded EquipmentCard_Damocles (EquipmentCard)
 
(Filename: /home/builduser/buildslave/unity/build/artifacts/generated/common/runtime/UnityEngineDebugBindings.gen.cpp Line: 37)

EquipmentHand.OnCardRemoved EquipmentCard_Shield (EquipmentCard)
 
(Filename: /home/builduser/buildslave/unity/build/artifacts/generated/common/runtime/UnityEngineDebugBindings.gen.cpp Line: 37)

EquipmentHand.OnCombatCardAdded EquipmentCard_Shield (EquipmentCard)
 
(Filename: /home/builduser/buildslave/unity/build/artifacts/generated/common/runtime/UnityEngineDebugBindings.gen.cpp Line: 37)

EquipmentHand.OnCardRemoved EquipmentCard_Ring of Hindsight (EquipmentCard)
 
(Filename: /home/builduser/buildslave/unity/build/artifacts/generated/common/runtime/UnityEngineDebugBindings.gen.cpp Line: 37)

EquipmentHand.OnCombatCardAdded EquipmentCard_Ring of Hindsight (EquipmentCard)
 
(Filename: /home/builduser/buildslave/unity/build/artifacts/generated/common/runtime/UnityEngineDebugBindings.gen.cpp Line: 37)

EquipmentHand.OnCardRemoved EquipmentCard_Merchant's Ring (EquipmentCard)
 
(Filename: /home/builduser/buildslave/unity/build/artifacts/generated/common/runtime/UnityEngineDebugBindings.gen.cpp Line: 37)

EquipmentHand.OnCombatCardAdded EquipmentCard_Merchant's Ring (EquipmentCard)
 
(Filename: /home/builduser/buildslave/unity/build/artifacts/generated/common/runtime/UnityEngineDebugBindings.gen.cpp Line: 37)

EquipmentHand.OnCardRemoved EquipmentCard_Apprentice_Helm (EquipmentCard)
 
(Filename: /home/builduser/buildslave/unity/build/artifacts/generated/common/runtime/UnityEngineDebugBindings.gen.cpp Line: 37)

EquipmentHand.OnCombatCardAdded EquipmentCard_Apprentice_Helm (EquipmentCard)
 
(Filename: /home/builduser/buildslave/unity/build/artifacts/generated/common/runtime/UnityEngineDebugBindings.gen.cpp Line: 37)

EquipmentHand.OnCardRemoved EquipmentCard_Medium Armour (EquipmentCard)
 
(Filename: /home/builduser/buildslave/unity/build/artifacts/generated/common/runtime/UnityEngineDebugBindings.gen.cpp Line: 37)

EquipmentHand.OnCombatCardAdded EquipmentCard_Medium Armour (EquipmentCard)
 
(Filename: /home/builduser/buildslave/unity/build/artifacts/generated/common/runtime/UnityEngineDebugBindings.gen.cpp Line: 37)

EquipmentHand.OnCardRemoved EquipmentCard_Sword (EquipmentCard)
 
(Filename: /home/builduser/buildslave/unity/build/artifacts/generated/common/runtime/UnityEngineDebugBindings.gen.cpp Line: 37)

EquipmentHand.OnCombatCardAdded EquipmentCard_Sword (EquipmentCard)
 
(Filename: /home/builduser/buildslave/unity/build/artifacts/generated/common/runtime/UnityEngineDebugBindings.gen.cpp Line: 37)

ModifierHand.OnCardRemoved ModifierCard_WilloftheGods (ModifierCard)
 
(Filename: /home/builduser/buildslave/unity/build/artifacts/generated/common/runtime/UnityEngineDebugBindings.gen.cpp Line: 37)

ModifierHand.OnCombatCardAdded ModifierCard_WilloftheGods (ModifierCard)
 
(Filename: /home/builduser/buildslave/unity/build/artifacts/generated/common/runtime/UnityEngineDebugBindings.gen.cpp Line: 37)

ModifierHand.OnCardRemoved ModifierCard_GuardianAngel (ModifierCard)
 
(Filename: /home/builduser/buildslave/unity/build/artifacts/generated/common/runtime/UnityEngineDebugBindings.gen.cpp Line: 37)

ModifierHand.OnCombatCardAdded ModifierCard_GuardianAngel (ModifierCard)
 
(Filename: /home/builduser/buildslave/unity/build/artifacts/generated/common/runtime/UnityEngineDebugBindings.gen.cpp Line: 37)

GameState_Level_In.OnExit
 
(Filename: /home/builduser/buildslave/unity/build/artifacts/generated/common/runtime/UnityEngineDebugBindings.gen.cpp Line: 37)

GameState_Level_Out.OnEnter
 
(Filename: /home/builduser/buildslave/unity/build/artifacts/generated/common/runtime/UnityEngineDebugBindings.gen.cpp Line: 37)

Applied Event Result: CombatEventResult
 
(Filename: /home/builduser/buildslave/unity/build/artifacts/generated/common/runtime/UnityEngineDebugBindings.gen.cpp Line: 37)

Applied Event Result: NewEventEncounterEventResult
 
(Filename: /home/builduser/buildslave/unity/build/artifacts/generated/common/runtime/UnityEngineDebugBindings.gen.cpp Line: 37)

EquipmentHand.OnCombatCardRemoved EquipmentCard_Medium Armour (EquipmentCard)
 
(Filename: /home/builduser/buildslave/unity/build/artifacts/generated/common/runtime/UnityEngineDebugBindings.gen.cpp Line: 37)

EquipmentHand.OnCombatCardRemoved EquipmentCard_Apprentice_Helm (EquipmentCard)
 
(Filename: /home/builduser/buildslave/unity/build/artifacts/generated/common/runtime/UnityEngineDebugBindings.gen.cpp Line: 37)

EquipmentHand.OnCombatCardRemoved EquipmentCard_Shield (EquipmentCard)
 
(Filename: /home/builduser/buildslave/unity/build/artifacts/generated/common/runtime/UnityEngineDebugBindings.gen.cpp Line: 37)

EquipmentHand.OnCombatCardRemoved EquipmentCard_Sword (EquipmentCard)
 
(Filename: /home/builduser/buildslave/unity/build/artifacts/generated/common/runtime/UnityEngineDebugBindings.gen.cpp Line: 37)

EquipmentHand.OnCombatCardRemoved EquipmentCard_Damocles (EquipmentCard)
 
(Filename: /home/builduser/buildslave/unity/build/artifacts/generated/common/runtime/UnityEngineDebugBindings.gen.cpp Line: 37)

EquipmentHand.OnCombatCardRemoved EquipmentCard_Merchant's Ring (EquipmentCard)
 
(Filename: /home/builduser/buildslave/unity/build/artifacts/generated/common/runtime/UnityEngineDebugBindings.gen.cpp Line: 37)

EquipmentHand.OnCombatCardRemoved EquipmentCard_Ring of Hindsight (EquipmentCard)
 
(Filename: /home/builduser/buildslave/unity/build/artifacts/generated/common/runtime/UnityEngineDebugBindings.gen.cpp Line: 37)

ModifierHand.OnCombatCardRemoved ModifierCard_GuardianAngel (ModifierCard)
 
(Filename: /home/builduser/buildslave/unity/build/artifacts/generated/common/runtime/UnityEngineDebugBindings.gen.cpp Line: 37)

ModifierHand.OnCombatCardRemoved ModifierCard_WilloftheGods (ModifierCard)
 
(Filename: /home/builduser/buildslave/unity/build/artifacts/generated/common/runtime/UnityEngineDebugBindings.gen.cpp Line: 37)

EquipmentHand.OnCardAdded EquipmentCard_Medium Armour (EquipmentCard)
 
(Filename: /home/builduser/buildslave/unity/build/artifacts/generated/common/runtime/UnityEngineDebugBindings.gen.cpp Line: 37)

EquipmentHand.OnCardAdded EquipmentCard_Apprentice_Helm (EquipmentCard)
 
(Filename: /home/builduser/buildslave/unity/build/artifacts/generated/common/runtime/UnityEngineDebugBindings.gen.cpp Line: 37)

EquipmentHand.OnCardAdded EquipmentCard_Shield (EquipmentCard)
 
(Filename: /home/builduser/buildslave/unity/build/artifacts/generated/common/runtime/UnityEngineDebugBindings.gen.cpp Line: 37)

EquipmentHand.OnCardAdded EquipmentCard_Sword (EquipmentCard)
 
(Filename: /home/builduser/buildslave/unity/build/artifacts/generated/common/runtime/UnityEngineDebugBindings.gen.cpp Line: 37)

EquipmentHand.OnCardAdded EquipmentCard_Damocles (EquipmentCard)
 
(Filename: /home/builduser/buildslave/unity/build/artifacts/generated/common/runtime/UnityEngineDebugBindings.gen.cpp Line: 37)

EquipmentHand.OnCardAdded EquipmentCard_Merchant's Ring (EquipmentCard)
 
(Filename: /home/builduser/buildslave/unity/build/artifacts/generated/common/runtime/UnityEngineDebugBindings.gen.cpp Line: 37)

EquipmentHand.OnCardAdded EquipmentCard_Ring of Hindsight (EquipmentCard)
 
(Filename: /home/builduser/buildslave/unity/build/artifacts/generated/common/runtime/UnityEngineDebugBindings.gen.cpp Line: 37)

ModifierHand.OnCardAdded ModifierCard_GuardianAngel (ModifierCard)
 
(Filename: /home/builduser/buildslave/unity/build/artifacts/generated/common/runtime/UnityEngineDebugBindings.gen.cpp Line: 37)

ModifierHand.OnCardAdded ModifierCard_WilloftheGods (ModifierCard)
 
(Filename: /home/builduser/buildslave/unity/build/artifacts/generated/common/runtime/UnityEngineDebugBindings.gen.cpp Line: 37)

Unloading 2 Unused Serialized files (Serialized files now loaded: 3)
UnloadTime: 16.216000 ms
PoolManager.OnLevelWasLoaded before 69
 
(Filename: /home/builduser/buildslave/unity/build/artifacts/generated/common/runtime/UnityEngineDebugBindings.gen.cpp Line: 37)

PoolManager.OnLevelWasLoaded after 11
 
(Filename: /home/builduser/buildslave/unity/build/artifacts/generated/common/runtime/UnityEngineDebugBindings.gen.cpp Line: 37)


Unloading 880 unused Assets to reduce memory usage. Loaded Objects now: 127841.
Total: 120.425003 ms (FindLiveObjects: 8.105000 ms CreateObjectMapping: 6.961000 ms MarkObjects: 100.748001 ms  DeleteObjects: 4.610000 ms)

GameState_Level_Out.OnExit
 
(Filename: /home/builduser/buildslave/unity/build/artifacts/generated/common/runtime/UnityEngineDebugBindings.gen.cpp Line: 37)

Starting Encounter Event: post combat
 
(Filename: /home/builduser/buildslave/unity/build/artifacts/generated/common/runtime/UnityEngineDebugBindings.gen.cpp Line: 37)

Choice Chosen: ChoiceA
 
(Filename: /home/builduser/buildslave/unity/build/artifacts/generated/common/runtime/UnityEngineDebugBindings.gen.cpp Line: 37)

Readying Success results for post combat -> ChoiceA
 
(Filename: /home/builduser/buildslave/unity/build/artifacts/generated/common/runtime/UnityEngineDebugBindings.gen.cpp Line: 37)

Applied Event Result: PlayerStatEventResult
 
(Filename: /home/builduser/buildslave/unity/build/artifacts/generated/common/runtime/UnityEngineDebugBindings.gen.cpp Line: 37)

Applied Event Result: EmptyEventResult
 
(Filename: /home/builduser/buildslave/unity/build/artifacts/generated/common/runtime/UnityEngineDebugBindings.gen.cpp Line: 37)

Applied Event Result: NewEventEncounterEventResult
 
(Filename: /home/builduser/buildslave/unity/build/artifacts/generated/common/runtime/UnityEngineDebugBindings.gen.cpp Line: 37)

Starting Encounter Event: post combat2
 
(Filename: /home/builduser/buildslave/unity/build/artifacts/generated/common/runtime/UnityEngineDebugBindings.gen.cpp Line: 37)

Choice Chosen: 3 goodies
 
(Filename: /home/builduser/buildslave/unity/build/artifacts/generated/common/runtime/UnityEngineDebugBindings.gen.cpp Line: 37)

Readying Success results for post combat2 -> 3 goodies
 
(Filename: /home/builduser/buildslave/unity/build/artifacts/generated/common/runtime/UnityEngineDebugBindings.gen.cpp Line: 37)

Applied Event Result: PlayerStatEventResult
 
(Filename: /home/builduser/buildslave/unity/build/artifacts/generated/common/runtime/UnityEngineDebugBindings.gen.cpp Line: 37)

Applied Event Result: PeekCardEventResult
 
(Filename: /home/builduser/buildslave/unity/build/artifacts/generated/common/runtime/UnityEngineDebugBindings.gen.cpp Line: 37)

EquipmentHand.OnCardAdded EquipmentCard_Ring of Justice (EquipmentCard)
 
(Filename: /home/builduser/buildslave/unity/build/artifacts/generated/common/runtime/UnityEngineDebugBindings.gen.cpp Line: 37)

Equipping EquipmentCard_Ring of Justice (EquipmentCard)
 
(Filename: /home/builduser/buildslave/unity/build/artifacts/generated/common/runtime/UnityEngineDebugBindings.gen.cpp Line: 37)

Applied Event Result: ChooseCardEventResult
 
(Filename: /home/builduser/buildslave/unity/build/artifacts/generated/common/runtime/UnityEngineDebugBindings.gen.cpp Line: 37)

Applied Event Result: DrawFortuneTypeCardEventResult
 
(Filename: /home/builduser/buildslave/unity/build/artifacts/generated/common/runtime/UnityEngineDebugBindings.gen.cpp Line: 37)

Encounter Event Panel  Cleanup
 
(Filename: /home/builduser/buildslave/unity/build/artifacts/generated/common/runtime/UnityEngineDebugBindings.gen.cpp Line: 37)

Saving PlayerProfile
 
(Filename: /home/builduser/buildslave/unity/build/artifacts/generated/common/runtime/UnityEngineDebugBindings.gen.cpp Line: 37)

Activating Slot MapLayoutSlot (2, 1) (MapLayoutSlot) on frame 5112
 
(Filename: /home/builduser/buildslave/unity/build/artifacts/generated/common/runtime/UnityEngineDebugBindings.gen.cpp Line: 37)

Entered Encounter: Encounter_Headstones(Clone)
 
(Filename: /home/builduser/buildslave/unity/build/artifacts/generated/common/runtime/UnityEngineDebugBindings.gen.cpp Line: 37)

Starting Encounter Event: intro
 
(Filename: /home/builduser/buildslave/unity/build/artifacts/generated/common/runtime/UnityEngineDebugBindings.gen.cpp Line: 37)

Choice Chosen: got blessings
 
(Filename: /home/builduser/buildslave/unity/build/artifacts/generated/common/runtime/UnityEngineDebugBindings.gen.cpp Line: 37)

Readying Success results for intro -> got blessings
 
(Filename: /home/builduser/buildslave/unity/build/artifacts/generated/common/runtime/UnityEngineDebugBindings.gen.cpp Line: 37)

Applied Event Result: PlayerStatEventResult
 
(Filename: /home/builduser/buildslave/unity/build/artifacts/generated/common/runtime/UnityEngineDebugBindings.gen.cpp Line: 37)

Applied Event Result: EmptyEventResult
 
(Filename: /home/builduser/buildslave/unity/build/artifacts/generated/common/runtime/UnityEngineDebugBindings.gen.cpp Line: 37)

Encounter Event Panel  Cleanup
 
(Filename: /home/builduser/buildslave/unity/build/artifacts/generated/common/runtime/UnityEngineDebugBindings.gen.cpp Line: 37)

Saving PlayerProfile
 
(Filename: /home/builduser/buildslave/unity/build/artifacts/generated/common/runtime/UnityEngineDebugBindings.gen.cpp Line: 37)

Activating Slot MapLayoutSlot (1, 1) (MapLayoutSlot) on frame 5266
 
(Filename: /home/builduser/buildslave/unity/build/artifacts/generated/common/runtime/UnityEngineDebugBindings.gen.cpp Line: 37)

Entered Encounter: Encounter_ExitMap_Optional_ShipJetty(Clone)
 
(Filename: /home/builduser/buildslave/unity/build/artifacts/generated/common/runtime/UnityEngineDebugBindings.gen.cpp Line: 37)

Starting Encounter Event: Intro - is there combat
 
(Filename: /home/builduser/buildslave/unity/build/artifacts/generated/common/runtime/UnityEngineDebugBindings.gen.cpp Line: 37)

Choice Chosen: no combat
 
(Filename: /home/builduser/buildslave/unity/build/artifacts/generated/common/runtime/UnityEngineDebugBindings.gen.cpp Line: 37)

Readying Success results for Intro - is there combat -> no combat
 
(Filename: /home/builduser/buildslave/unity/build/artifacts/generated/common/runtime/UnityEngineDebugBindings.gen.cpp Line: 37)

Applied Event Result: NewEventEncounterEventResult
 
(Filename: /home/builduser/buildslave/unity/build/artifacts/generated/common/runtime/UnityEngineDebugBindings.gen.cpp Line: 37)

Starting Encounter Event: nocombat - choice
 
(Filename: /home/builduser/buildslave/unity/build/artifacts/generated/common/runtime/UnityEngineDebugBindings.gen.cpp Line: 37)

Choice Chosen: progressEndless
 
(Filename: /home/builduser/buildslave/unity/build/artifacts/generated/common/runtime/UnityEngineDebugBindings.gen.cpp Line: 37)

Readying Success results for nocombat - choice -> progressEndless
 
(Filename: /home/builduser/buildslave/unity/build/artifacts/generated/common/runtime/UnityEngineDebugBindings.gen.cpp Line: 37)

Unable to find appropriate card in Encounter Deck, looking in discard deck.
 
(Filename: /home/builduser/buildslave/unity/build/artifacts/generated/common/runtime/UnityEngineDebugBindings.gen.cpp Line: 37)

Unable to find appropriate card in discard deck, looking in fallback card set.
 
(Filename: /home/builduser/buildslave/unity/build/artifacts/generated/common/runtime/UnityEngineDebugBindings.gen.cpp Line: 37)

Unable to get card from Encounter Deck
 
(Filename: /home/builduser/buildslave/unity/build/artifacts/generated/common/runtime/UnityEngineDebugBindings.gen.cpp Line: 37)

Applied Event Result: DrawSpecificCardEventResult
 
(Filename: /home/builduser/buildslave/unity/build/artifacts/generated/common/runtime/UnityEngineDebugBindings.gen.cpp Line: 37)

Entered Encounter: Encounter_ExitMap_Endless_Changes(Clone)
 
(Filename: /home/builduser/buildslave/unity/build/artifacts/generated/common/runtime/UnityEngineDebugBindings.gen.cpp Line: 37)

Starting Encounter Event: DECK CHANGE
 
(Filename: /home/builduser/buildslave/unity/build/artifacts/generated/common/runtime/UnityEngineDebugBindings.gen.cpp Line: 37)

Choice Chosen: deck changes
 
(Filename: /home/builduser/buildslave/unity/build/artifacts/generated/common/runtime/UnityEngineDebugBindings.gen.cpp Line: 37)

Readying Success results for DECK CHANGE -> deck changes
 
(Filename: /home/builduser/buildslave/unity/build/artifacts/generated/common/runtime/UnityEngineDebugBindings.gen.cpp Line: 37)

Applied Event Result: DeckTamperEventResult
 
(Filename: /home/builduser/buildslave/unity/build/artifacts/generated/common/runtime/UnityEngineDebugBindings.gen.cpp Line: 37)

Applied Event Result: NewEventEncounterEventResult
 
(Filename: /home/builduser/buildslave/unity/build/artifacts/generated/common/runtime/UnityEngineDebugBindings.gen.cpp Line: 37)

Starting Encounter Event: progress
 
(Filename: /home/builduser/buildslave/unity/build/artifacts/generated/common/runtime/UnityEngineDebugBindings.gen.cpp Line: 37)

Choice Chosen: ChoiceA
 
(Filename: /home/builduser/buildslave/unity/build/artifacts/generated/common/runtime/UnityEngineDebugBindings.gen.cpp Line: 37)

Readying Success results for progress -> ChoiceA
 
(Filename: /home/builduser/buildslave/unity/build/artifacts/generated/common/runtime/UnityEngineDebugBindings.gen.cpp Line: 37)

Applied Event Result: ExitMapEventResult
 
(Filename: /home/builduser/buildslave/unity/build/artifacts/generated/common/runtime/UnityEngineDebugBindings.gen.cpp Line: 37)

Encounter Event Panel  Cleanup
 
(Filename: /home/builduser/buildslave/unity/build/artifacts/generated/common/runtime/UnityEngineDebugBindings.gen.cpp Line: 37)

DiscardMapLayout - transition slot is MapLayoutSlot (1, 1), StairCardShipJetty (StairCard)
 
(Filename: /home/builduser/buildslave/unity/build/artifacts/generated/common/runtime/UnityEngineDebugBindings.gen.cpp Line: 37)

Applied Event Result: DrawCardOfTypeEventResult
 
(Filename: /home/builduser/buildslave/unity/build/artifacts/generated/common/runtime/UnityEngineDebugBindings.gen.cpp Line: 37)

ModifierHand.OnCardAdded ModifierCard_ArcaneFrailty (ModifierCard)
 
(Filename: /home/builduser/buildslave/unity/build/artifacts/generated/common/runtime/UnityEngineDebugBindings.gen.cpp Line: 37)

Applying modifier ModifierCard_ArcaneFrailty (ModifierCard)
 
(Filename: /home/builduser/buildslave/unity/build/artifacts/generated/common/runtime/UnityEngineDebugBindings.gen.cpp Line: 37)

Applied Event Result: DrawCardOfTypeEventResult
 
(Filename: /home/builduser/buildslave/unity/build/artifacts/generated/common/runtime/UnityEngineDebugBindings.gen.cpp Line: 37)

MerchantsRingMetaModifier (MerchantsRingMetaModifier) triggered
 
(Filename: /home/builduser/buildslave/unity/build/artifacts/generated/common/runtime/UnityEngineDebugBindings.gen.cpp Line: 37)

Saving PlayerProfile
 
(Filename: /home/builduser/buildslave/unity/build/artifacts/generated/common/runtime/UnityEngineDebugBindings.gen.cpp Line: 37)

Store Steam Stats
 
(Filename: /home/builduser/buildslave/unity/build/artifacts/generated/common/runtime/UnityEngineDebugBindings.gen.cpp Line: 37)

AchievementManager_Steam(Clone): StoreStats success
 
(Filename: /home/builduser/buildslave/unity/build/artifacts/generated/common/runtime/UnityEngineDebugBindings.gen.cpp Line: 37)

Activating Slot MapLayoutSlot (2, 0) (MapLayoutSlot) on frame 5774
 
(Filename: /home/builduser/buildslave/unity/build/artifacts/generated/common/runtime/UnityEngineDebugBindings.gen.cpp Line: 37)

Entered Encounter: Encounter_RatmenHunting(Clone)
 
(Filename: /home/builduser/buildslave/unity/build/artifacts/generated/common/runtime/UnityEngineDebugBindings.gen.cpp Line: 37)

Starting Encounter Event: intro
 
(Filename: /home/builduser/buildslave/unity/build/artifacts/generated/common/runtime/UnityEngineDebugBindings.gen.cpp Line: 37)

Choice Chosen: draw 1 monster
 
(Filename: /home/builduser/buildslave/unity/build/artifacts/generated/common/runtime/UnityEngineDebugBindings.gen.cpp Line: 37)

Readying Success results for intro -> draw 1 monster
 
(Filename: /home/builduser/buildslave/unity/build/artifacts/generated/common/runtime/UnityEngineDebugBindings.gen.cpp Line: 37)

FormatException: Index (zero based) must be greater than or equal to zero and less than the size of the argument list.
  at System.String.FormatHelper (System.Text.StringBuilder result, IFormatProvider provider, System.String format, System.Object[] args) [0x00000] in <filename unknown>:0 
  at System.String.Format (IFormatProvider provider, System.String format, System.Object[] args) [0x00000] in <filename unknown>:0 
  at System.String.Format (System.String format, System.Object[] args) [0x00000] in <filename unknown>:0 
  at UIUtils.GetString (System.String a_text, System.Object[] a_parameters) [0x00000] in <filename unknown>:0 
  at DrawMonsterTypeEventResult.get_LocalisedInstructionText () [0x00000] in <filename unknown>:0 
  at UIEncounterEventPanel+<TransitionChoice>c__Iterator172.<>m__2D1 (.EncounterEventResult r) [0x00000] in <filename unknown>:0 
  at System.Linq.Enumerable+<CreateWhereIterator>c__Iterator1D`1[EncounterEventResult].MoveNext () [0x00000] in <filename unknown>:0 
  at System.Collections.Generic.List`1[EncounterEventResult].AddEnumerable (IEnumerable`1 enumerable) [0x00000] in <filename unknown>:0 
  at System.Collections.Generic.List`1[EncounterEventResult]..ctor (IEnumerable`1 collection) [0x00000] in <filename unknown>:0 
  at System.Linq.Enumerable.ToList[EncounterEventResult] (IEnumerable`1 source) [0x00000] in <filename unknown>:0 
  at UIEncounterEventPanel+<TransitionChoice>c__Iterator172.MoveNext () [0x00000] in <filename unknown>:0 
  at UnityEngine.SetupCoroutine.InvokeMoveNext (IEnumerator enumerator, IntPtr returnValueAddress) [0x00000] in <filename unknown>:0 
UnityEngine.MonoBehaviour:StartCoroutine_Auto(IEnumerator)
UnityEngine.MonoBehaviour:StartCoroutine(IEnumerator)
UIEncounterEventPanel:ApplyChoice(Choice)
UIEncounterEventPanel:ProcessChoice(Choice)
UIEncounterEventPanel:set_EncounterEvent(EncounterEvent)
UIEncounterEventPanel:Show()
<DoActivate>c__Iterator68:MoveNext()
UnityEngine.SetupCoroutine:InvokeMoveNext(IEnumerator, IntPtr)
 
(Filename:  Line: -1)

Unable to find appropriate card in Monster Deck, looking in discard deck.
 
(Filename: /home/builduser/buildslave/unity/build/artifacts/generated/common/runtime/UnityEngineDebugBindings.gen.cpp Line: 37)

Unable to find appropriate card in discard deck, looking in fallback card set.
 
(Filename: /home/builduser/buildslave/unity/build/artifacts/generated/common/runtime/UnityEngineDebugBindings.gen.cpp Line: 37)

Built MonsterCard_Ratmen_2a (MonsterCard) from card set
 
(Filename: /home/builduser/buildslave/unity/build/artifacts/generated/common/runtime/UnityEngineDebugBindings.gen.cpp Line: 37)

Applied Event Result: DrawMonsterTypeEventResult
 
(Filename: /home/builduser/buildslave/unity/build/artifacts/generated/common/runtime/UnityEngineDebugBindings.gen.cpp Line: 37)

Applied Event Result: NewEventEncounterEventResult
 
(Filename: /home/builduser/buildslave/unity/build/artifacts/generated/common/runtime/UnityEngineDebugBindings.gen.cpp Line: 37)

Starting Encounter Event: combat
 
(Filename: /home/builduser/buildslave/unity/build/artifacts/generated/common/runtime/UnityEngineDebugBindings.gen.cpp Line: 37)

Choice Chosen: ChoiceA
 
(Filename: /home/builduser/buildslave/unity/build/artifacts/generated/common/runtime/UnityEngineDebugBindings.gen.cpp Line: 37)

Readying Success results for combat -> ChoiceA
 
(Filename: /home/builduser/buildslave/unity/build/artifacts/generated/common/runtime/UnityEngineDebugBindings.gen.cpp Line: 37)

Loading swamp_sacrifice_rain
 
(Filename: /home/builduser/buildslave/unity/build/artifacts/generated/common/runtime/UnityEngineDebugBindings.gen.cpp Line: 37)

GameState_Level_In.OnEnter
 
(Filename: /home/builduser/buildslave/unity/build/artifacts/generated/common/runtime/UnityEngineDebugBindings.gen.cpp Line: 37)

Unloading 33 Unused Serialized files (Serialized files now loaded: 3)
Level swamp_sacrifice_rain is loaded
 
(Filename: /home/builduser/buildslave/unity/build/artifacts/generated/common/runtime/UnityEngineDebugBindings.gen.cpp Line: 37)

UnloadTime: 6.250000 ms
PoolManager.OnLevelWasLoaded before 42
 
(Filename: /home/builduser/buildslave/unity/build/artifacts/generated/common/runtime/UnityEngineDebugBindings.gen.cpp Line: 37)

PoolManager.OnLevelWasLoaded after 11
 
(Filename: /home/builduser/buildslave/unity/build/artifacts/generated/common/runtime/UnityEngineDebugBindings.gen.cpp Line: 37)


Unloading 36 unused Assets to reduce memory usage. Loaded Objects now: 132182.
Total: 133.940994 ms (FindLiveObjects: 14.208000 ms CreateObjectMapping: 9.196000 ms MarkObjects: 109.073997 ms  DeleteObjects: 1.462000 ms)

EquipmentHand.OnCardRemoved EquipmentCard_Ring of Justice (EquipmentCard)
 
(Filename: /home/builduser/buildslave/unity/build/artifacts/generated/common/runtime/UnityEngineDebugBindings.gen.cpp Line: 37)

EquipmentHand.OnCombatCardAdded EquipmentCard_Ring of Justice (EquipmentCard)
 
(Filename: /home/builduser/buildslave/unity/build/artifacts/generated/common/runtime/UnityEngineDebugBindings.gen.cpp Line: 37)

EquipmentHand.OnCardRemoved EquipmentCard_Ring of Hindsight (EquipmentCard)
 
(Filename: /home/builduser/buildslave/unity/build/artifacts/generated/common/runtime/UnityEngineDebugBindings.gen.cpp Line: 37)

EquipmentHand.OnCombatCardAdded EquipmentCard_Ring of Hindsight (EquipmentCard)
 
(Filename: /home/builduser/buildslave/unity/build/artifacts/generated/common/runtime/UnityEngineDebugBindings.gen.cpp Line: 37)

EquipmentHand.OnCardRemoved EquipmentCard_Merchant's Ring (EquipmentCard)
 
(Filename: /home/builduser/buildslave/unity/build/artifacts/generated/common/runtime/UnityEngineDebugBindings.gen.cpp Line: 37)

EquipmentHand.OnCombatCardAdded EquipmentCard_Merchant's Ring (EquipmentCard)
 
(Filename: /home/builduser/buildslave/unity/build/artifacts/generated/common/runtime/UnityEngineDebugBindings.gen.cpp Line: 37)

EquipmentHand.OnCardRemoved EquipmentCard_Damocles (EquipmentCard)
 
(Filename: /home/builduser/buildslave/unity/build/artifacts/generated/common/runtime/UnityEngineDebugBindings.gen.cpp Line: 37)

EquipmentHand.OnCombatCardAdded EquipmentCard_Damocles (EquipmentCard)
 
(Filename: /home/builduser/buildslave/unity/build/artifacts/generated/common/runtime/UnityEngineDebugBindings.gen.cpp Line: 37)

EquipmentHand.OnCardRemoved EquipmentCard_Sword (EquipmentCard)
 
(Filename: /home/builduser/buildslave/unity/build/artifacts/generated/common/runtime/UnityEngineDebugBindings.gen.cpp Line: 37)

EquipmentHand.OnCombatCardAdded EquipmentCard_Sword (EquipmentCard)
 
(Filename: /home/builduser/buildslave/unity/build/artifacts/generated/common/runtime/UnityEngineDebugBindings.gen.cpp Line: 37)

EquipmentHand.OnCardRemoved EquipmentCard_Shield (EquipmentCard)
 
(Filename: /home/builduser/buildslave/unity/build/artifacts/generated/common/runtime/UnityEngineDebugBindings.gen.cpp Line: 37)

EquipmentHand.OnCombatCardAdded EquipmentCard_Shield (EquipmentCard)
 
(Filename: /home/builduser/buildslave/unity/build/artifacts/generated/common/runtime/UnityEngineDebugBindings.gen.cpp Line: 37)

EquipmentHand.OnCardRemoved EquipmentCard_Apprentice_Helm (EquipmentCard)
 
(Filename: /home/builduser/buildslave/unity/build/artifacts/generated/common/runtime/UnityEngineDebugBindings.gen.cpp Line: 37)

EquipmentHand.OnCombatCardAdded EquipmentCard_Apprentice_Helm (EquipmentCard)
 
(Filename: /home/builduser/buildslave/unity/build/artifacts/generated/common/runtime/UnityEngineDebugBindings.gen.cpp Line: 37)

EquipmentHand.OnCardRemoved EquipmentCard_Medium Armour (EquipmentCard)
 
(Filename: /home/builduser/buildslave/unity/build/artifacts/generated/common/runtime/UnityEngineDebugBindings.gen.cpp Line: 37)

EquipmentHand.OnCombatCardAdded EquipmentCard_Medium Armour (EquipmentCard)
 
(Filename: /home/builduser/buildslave/unity/build/artifacts/generated/common/runtime/UnityEngineDebugBindings.gen.cpp Line: 37)

ModifierHand.OnCardRemoved ModifierCard_ArcaneFrailty (ModifierCard)
 
(Filename: /home/builduser/buildslave/unity/build/artifacts/generated/common/runtime/UnityEngineDebugBindings.gen.cpp Line: 37)

ModifierHand.OnCombatCardAdded ModifierCard_ArcaneFrailty (ModifierCard)
 
(Filename: /home/builduser/buildslave/unity/build/artifacts/generated/common/runtime/UnityEngineDebugBindings.gen.cpp Line: 37)

ModifierHand.OnCardRemoved ModifierCard_WilloftheGods (ModifierCard)
 
(Filename: /home/builduser/buildslave/unity/build/artifacts/generated/common/runtime/UnityEngineDebugBindings.gen.cpp Line: 37)

ModifierHand.OnCombatCardAdded ModifierCard_WilloftheGods (ModifierCard)
 
(Filename: /home/builduser/buildslave/unity/build/artifacts/generated/common/runtime/UnityEngineDebugBindings.gen.cpp Line: 37)

ModifierHand.OnCardRemoved ModifierCard_GuardianAngel (ModifierCard)
 
(Filename: /home/builduser/buildslave/unity/build/artifacts/generated/common/runtime/UnityEngineDebugBindings.gen.cpp Line: 37)

ModifierHand.OnCombatCardAdded ModifierCard_GuardianAngel (ModifierCard)
 
(Filename: /home/builduser/buildslave/unity/build/artifacts/generated/common/runtime/UnityEngineDebugBindings.gen.cpp Line: 37)

Only custom filters can be played. Please add a custom filter or an audioclip to the audiosource (pfNPCSoundLoPass).
 
(Filename:  Line: 521)

Only custom filters can be played. Please add a custom filter or an audioclip to the audiosource (pfNPCSoundLoPass).
 
(Filename:  Line: 521)

Only custom filters can be played. Please add a custom filter or an audioclip to the audiosource (pfNPCSoundLoPass).
 
(Filename:  Line: 521)

Only custom filters can be played. Please add a custom filter or an audioclip to the audiosource (pfNPCSoundLoPass).
 
(Filename:  Line: 521)

GameState_Level_In.OnExit
 
(Filename: /home/builduser/buildslave/unity/build/artifacts/generated/common/runtime/UnityEngineDebugBindings.gen.cpp Line: 37)

Only custom filters can be played. Please add a custom filter or an audioclip to the audiosource (pfNPCSoundLoPass).
 
(Filename:  Line: 521)

Only custom filters can be played. Please add a custom filter or an audioclip to the audiosource (pfNPCSoundLoPass).
 
(Filename:  Line: 521)

GameState_Level_Out.OnEnter
 
(Filename: /home/builduser/buildslave/unity/build/artifacts/generated/common/runtime/UnityEngineDebugBindings.gen.cpp Line: 37)

Applied Event Result: CombatEventResult
 
(Filename: /home/builduser/buildslave/unity/build/artifacts/generated/common/runtime/UnityEngineDebugBindings.gen.cpp Line: 37)

Applied Event Result: NewEventEncounterEventResult
 
(Filename: /home/builduser/buildslave/unity/build/artifacts/generated/common/runtime/UnityEngineDebugBindings.gen.cpp Line: 37)

EquipmentHand.OnCombatCardRemoved EquipmentCard_Medium Armour (EquipmentCard)
 
(Filename: /home/builduser/buildslave/unity/build/artifacts/generated/common/runtime/UnityEngineDebugBindings.gen.cpp Line: 37)

EquipmentHand.OnCombatCardRemoved EquipmentCard_Apprentice_Helm (EquipmentCard)
 
(Filename: /home/builduser/buildslave/unity/build/artifacts/generated/common/runtime/UnityEngineDebugBindings.gen.cpp Line: 37)

EquipmentHand.OnCombatCardRemoved EquipmentCard_Shield (EquipmentCard)
 
(Filename: /home/builduser/buildslave/unity/build/artifacts/generated/common/runtime/UnityEngineDebugBindings.gen.cpp Line: 37)

EquipmentHand.OnCombatCardRemoved EquipmentCard_Sword (EquipmentCard)
 
(Filename: /home/builduser/buildslave/unity/build/artifacts/generated/common/runtime/UnityEngineDebugBindings.gen.cpp Line: 37)

EquipmentHand.OnCombatCardRemoved EquipmentCard_Damocles (EquipmentCard)
 
(Filename: /home/builduser/buildslave/unity/build/artifacts/generated/common/runtime/UnityEngineDebugBindings.gen.cpp Line: 37)

EquipmentHand.OnCombatCardRemoved EquipmentCard_Merchant's Ring (EquipmentCard)
 
(Filename: /home/builduser/buildslave/unity/build/artifacts/generated/common/runtime/UnityEngineDebugBindings.gen.cpp Line: 37)

EquipmentHand.OnCombatCardRemoved EquipmentCard_Ring of Hindsight (EquipmentCard)
 
(Filename: /home/builduser/buildslave/unity/build/artifacts/generated/common/runtime/UnityEngineDebugBindings.gen.cpp Line: 37)

EquipmentHand.OnCombatCardRemoved EquipmentCard_Ring of Justice (EquipmentCard)
 
(Filename: /home/builduser/buildslave/unity/build/artifacts/generated/common/runtime/UnityEngineDebugBindings.gen.cpp Line: 37)

ModifierHand.OnCombatCardRemoved ModifierCard_GuardianAngel (ModifierCard)
 
(Filename: /home/builduser/buildslave/unity/build/artifacts/generated/common/runtime/UnityEngineDebugBindings.gen.cpp Line: 37)

ModifierHand.OnCombatCardRemoved ModifierCard_ArcaneFrailty (ModifierCard)
 
(Filename: /home/builduser/buildslave/unity/build/artifacts/generated/common/runtime/UnityEngineDebugBindings.gen.cpp Line: 37)

ModifierHand.OnCombatCardRemoved ModifierCard_WilloftheGods (ModifierCard)
 
(Filename: /home/builduser/buildslave/unity/build/artifacts/generated/common/runtime/UnityEngineDebugBindings.gen.cpp Line: 37)

EquipmentHand.OnCardAdded EquipmentCard_Medium Armour (EquipmentCard)
 
(Filename: /home/builduser/buildslave/unity/build/artifacts/generated/common/runtime/UnityEngineDebugBindings.gen.cpp Line: 37)

EquipmentHand.OnCardAdded EquipmentCard_Apprentice_Helm (EquipmentCard)
 
(Filename: /home/builduser/buildslave/unity/build/artifacts/generated/common/runtime/UnityEngineDebugBindings.gen.cpp Line: 37)

EquipmentHand.OnCardAdded EquipmentCard_Shield (EquipmentCard)
 
(Filename: /home/builduser/buildslave/unity/build/artifacts/generated/common/runtime/UnityEngineDebugBindings.gen.cpp Line: 37)

EquipmentHand.OnCardAdded EquipmentCard_Sword (EquipmentCard)
 
(Filename: /home/builduser/buildslave/unity/build/artifacts/generated/common/runtime/UnityEngineDebugBindings.gen.cpp Line: 37)

EquipmentHand.OnCardAdded EquipmentCard_Damocles (EquipmentCard)
 
(Filename: /home/builduser/buildslave/unity/build/artifacts/generated/common/runtime/UnityEngineDebugBindings.gen.cpp Line: 37)

EquipmentHand.OnCardAdded EquipmentCard_Merchant's Ring (EquipmentCard)
 
(Filename: /home/builduser/buildslave/unity/build/artifacts/generated/common/runtime/UnityEngineDebugBindings.gen.cpp Line: 37)

EquipmentHand.OnCardAdded EquipmentCard_Ring of Hindsight (EquipmentCard)
 
(Filename: /home/builduser/buildslave/unity/build/artifacts/generated/common/runtime/UnityEngineDebugBindings.gen.cpp Line: 37)

EquipmentHand.OnCardAdded EquipmentCard_Ring of Justice (EquipmentCard)
 
(Filename: /home/builduser/buildslave/unity/build/artifacts/generated/common/runtime/UnityEngineDebugBindings.gen.cpp Line: 37)

ModifierHand.OnCardAdded ModifierCard_GuardianAngel (ModifierCard)
 
(Filename: /home/builduser/buildslave/unity/build/artifacts/generated/common/runtime/UnityEngineDebugBindings.gen.cpp Line: 37)

ModifierHand.OnCardAdded ModifierCard_ArcaneFrailty (ModifierCard)
 
(Filename: /home/builduser/buildslave/unity/build/artifacts/generated/common/runtime/UnityEngineDebugBindings.gen.cpp Line: 37)

ModifierHand.OnCardAdded ModifierCard_WilloftheGods (ModifierCard)
 
(Filename: /home/builduser/buildslave/unity/build/artifacts/generated/common/runtime/UnityEngineDebugBindings.gen.cpp Line: 37)

Unloading 2 Unused Serialized files (Serialized files now loaded: 3)
UnloadTime: 16.866001 ms
PoolManager.OnLevelWasLoaded before 69
 
(Filename: /home/builduser/buildslave/unity/build/artifacts/generated/common/runtime/UnityEngineDebugBindings.gen.cpp Line: 37)

PoolManager.OnLevelWasLoaded after 11
 
(Filename: /home/builduser/buildslave/unity/build/artifacts/generated/common/runtime/UnityEngineDebugBindings.gen.cpp Line: 37)


Unloading 369 unused Assets to reduce memory usage. Loaded Objects now: 130978.
Total: 130.153000 ms (FindLiveObjects: 8.308000 ms CreateObjectMapping: 7.131000 ms MarkObjects: 110.181999 ms  DeleteObjects: 4.532000 ms)

GameState_Level_Out.OnExit
 
(Filename: /home/builduser/buildslave/unity/build/artifacts/generated/common/runtime/UnityEngineDebugBindings.gen.cpp Line: 37)

Starting Encounter Event: results
 
(Filename: /home/builduser/buildslave/unity/build/artifacts/generated/common/runtime/UnityEngineDebugBindings.gen.cpp Line: 37)

Choice Chosen: reward
 
(Filename: /home/builduser/buildslave/unity/build/artifacts/generated/common/runtime/UnityEngineDebugBindings.gen.cpp Line: 37)

Readying Success results for results -> reward
 
(Filename: /home/builduser/buildslave/unity/build/artifacts/generated/common/runtime/UnityEngineDebugBindings.gen.cpp Line: 37)

Applied Event Result: PlayerStatEventResult
 
(Filename: /home/builduser/buildslave/unity/build/artifacts/generated/common/runtime/UnityEngineDebugBindings.gen.cpp Line: 37)

Applied Event Result: DrawFortuneTypeCardEventResult
 
(Filename: /home/builduser/buildslave/unity/build/artifacts/generated/common/runtime/UnityEngineDebugBindings.gen.cpp Line: 37)

Encounter Event Panel  Cleanup
 
(Filename: /home/builduser/buildslave/unity/build/artifacts/generated/common/runtime/UnityEngineDebugBindings.gen.cpp Line: 37)

Saving PlayerProfile
 
(Filename: /home/builduser/buildslave/unity/build/artifacts/generated/common/runtime/UnityEngineDebugBindings.gen.cpp Line: 37)

Activating Slot MapLayoutSlot (1, 0) (MapLayoutSlot) on frame 6594
 
(Filename: /home/builduser/buildslave/unity/build/artifacts/generated/common/runtime/UnityEngineDebugBindings.gen.cpp Line: 37)

Entered Encounter: Encounter_Shop_Mage(Clone)
 
(Filename: /home/builduser/buildslave/unity/build/artifacts/generated/common/runtime/UnityEngineDebugBindings.gen.cpp Line: 37)

Starting Encounter Event: intro
 
(Filename: /home/builduser/buildslave/unity/build/artifacts/generated/common/runtime/UnityEngineDebugBindings.gen.cpp Line: 37)

Choice Chosen: go shopping1
 
(Filename: /home/builduser/buildslave/unity/build/artifacts/generated/common/runtime/UnityEngineDebugBindings.gen.cpp Line: 37)

Readying Success results for intro -> go shopping1
 
(Filename: /home/builduser/buildslave/unity/build/artifacts/generated/common/runtime/UnityEngineDebugBindings.gen.cpp Line: 37)

Applied Event Result: PlayerStatEventResult
 
(Filename: /home/builduser/buildslave/unity/build/artifacts/generated/common/runtime/UnityEngineDebugBindings.gen.cpp Line: 37)

Applied Event Result: NewEventEncounterEventResult
 
(Filename: /home/builduser/buildslave/unity/build/artifacts/generated/common/runtime/UnityEngineDebugBindings.gen.cpp Line: 37)

Starting Encounter Event: choice
 
(Filename: /home/builduser/buildslave/unity/build/artifacts/generated/common/runtime/UnityEngineDebugBindings.gen.cpp Line: 37)

Choice Chosen: shop
 
(Filename: /home/builduser/buildslave/unity/build/artifacts/generated/common/runtime/UnityEngineDebugBindings.gen.cpp Line: 37)

Readying Success results for choice -> shop
 
(Filename: /home/builduser/buildslave/unity/build/artifacts/generated/common/runtime/UnityEngineDebugBindings.gen.cpp Line: 37)

Loading shop_tavern_exterior
 
(Filename: /home/builduser/buildslave/unity/build/artifacts/generated/common/runtime/UnityEngineDebugBindings.gen.cpp Line: 37)

Unloading 30 Unused Serialized files (Serialized files now loaded: 3)
Level shop_tavern_exterior is loaded
 
(Filename: /home/builduser/buildslave/unity/build/artifacts/generated/common/runtime/UnityEngineDebugBindings.gen.cpp Line: 37)

GameState_Level_In.OnEnter
 
(Filename: /home/builduser/buildslave/unity/build/artifacts/generated/common/runtime/UnityEngineDebugBindings.gen.cpp Line: 37)

UnloadTime: 6.581000 ms
PoolManager.OnLevelWasLoaded before 26
 
(Filename: /home/builduser/buildslave/unity/build/artifacts/generated/common/runtime/UnityEngineDebugBindings.gen.cpp Line: 37)

PoolManager.OnLevelWasLoaded after 11
 
(Filename: /home/builduser/buildslave/unity/build/artifacts/generated/common/runtime/UnityEngineDebugBindings.gen.cpp Line: 37)


Unloading 34 unused Assets to reduce memory usage. Loaded Objects now: 133201.
Total: 136.361008 ms (FindLiveObjects: 14.172000 ms CreateObjectMapping: 9.615999 ms MarkObjects: 111.598999 ms  DeleteObjects: 0.973000 ms)

GameState_Level_In.OnExit
 
(Filename: /home/builduser/buildslave/unity/build/artifacts/generated/common/runtime/UnityEngineDebugBindings.gen.cpp Line: 37)

EquipmentHand.OnCardRemoved EquipmentCard_Apprentice_Helm (EquipmentCard)
 
(Filename: /home/builduser/buildslave/unity/build/artifacts/generated/common/runtime/UnityEngineDebugBindings.gen.cpp Line: 37)

Unequipping EquipmentCard_Apprentice_Helm (EquipmentCard)
 
(Filename: /home/builduser/buildslave/unity/build/artifacts/generated/common/runtime/UnityEngineDebugBindings.gen.cpp Line: 37)

EquipmentHand.OnCardAdded EquipmentCard_Hernes Antlers (EquipmentCard)
 
(Filename: /home/builduser/buildslave/unity/build/artifacts/generated/common/runtime/UnityEngineDebugBindings.gen.cpp Line: 37)

Equipping EquipmentCard_Hernes Antlers (EquipmentCard)
 
(Filename: /home/builduser/buildslave/unity/build/artifacts/generated/common/runtime/UnityEngineDebugBindings.gen.cpp Line: 37)

GameState_Level_Out.OnEnter
 
(Filename: /home/builduser/buildslave/unity/build/artifacts/generated/common/runtime/UnityEngineDebugBindings.gen.cpp Line: 37)

Applied Event Result: ShopEventResult
 
(Filename: /home/builduser/buildslave/unity/build/artifacts/generated/common/runtime/UnityEngineDebugBindings.gen.cpp Line: 37)

target validation failed. destroying the tween to avoid errors
 
(Filename: /home/builduser/buildslave/unity/build/artifacts/generated/common/runtime/UnityEngineDebugBindings.gen.cpp Line: 37)

Unloading 2 Unused Serialized files (Serialized files now loaded: 3)
UnloadTime: 16.548000 ms
PoolManager.OnLevelWasLoaded before 29
 
(Filename: /home/builduser/buildslave/unity/build/artifacts/generated/common/runtime/UnityEngineDebugBindings.gen.cpp Line: 37)

PoolManager.OnLevelWasLoaded after 12
 
(Filename: /home/builduser/buildslave/unity/build/artifacts/generated/common/runtime/UnityEngineDebugBindings.gen.cpp Line: 37)


Unloading 1218 unused Assets to reduce memory usage. Loaded Objects now: 130435.
Total: 132.136993 ms (FindLiveObjects: 8.197001 ms CreateObjectMapping: 7.247000 ms MarkObjects: 110.862000 ms  DeleteObjects: 5.830000 ms)

GameState_Level_Out.OnExit
 
(Filename: /home/builduser/buildslave/unity/build/artifacts/generated/common/runtime/UnityEngineDebugBindings.gen.cpp Line: 37)

Encounter Event Panel  Cleanup
 
(Filename: /home/builduser/buildslave/unity/build/artifacts/generated/common/runtime/UnityEngineDebugBindings.gen.cpp Line: 37)

Setting up 1 worker threads for Enlighten.
  Thread -> id: 7f35b7920700 -> priority: 1 
Trying to revert a null upgrade
 
(Filename: /home/builduser/buildslave/unity/build/artifacts/generated/common/runtime/UnityEngineDebugBindings.gen.cpp Line: 37)

Trying to revert a null upgrade
 
(Filename: /home/builduser/buildslave/unity/build/artifacts/generated/common/runtime/UnityEngineDebugBindings.gen.cpp Line: 37)

Trying to revert a null upgrade
 
(Filename: /home/builduser/buildslave/unity/build/artifacts/generated/common/runtime/UnityEngineDebugBindings.gen.cpp Line: 37)

Trying to revert a null upgrade
 
(Filename: /home/builduser/buildslave/unity/build/artifacts/generated/common/runtime/UnityEngineDebugBindings.gen.cpp Line: 37)

Trying to revert a null upgrade
 
(Filename: /home/builduser/buildslave/unity/build/artifacts/generated/common/runtime/UnityEngineDebugBindings.gen.cpp Line: 37)

Trying to revert a null upgrade
 
(Filename: /home/builduser/buildslave/unity/build/artifacts/generated/common/runtime/UnityEngineDebugBindings.gen.cpp Line: 37)

Trying to revert a null upgrade
 
(Filename: /home/builduser/buildslave/unity/build/artifacts/generated/common/runtime/UnityEngineDebugBindings.gen.cpp Line: 37)

Trying to revert a null upgrade
 
(Filename: /home/builduser/buildslave/unity/build/artifacts/generated/common/runtime/UnityEngineDebugBindings.gen.cpp Line: 37)

Trying to revert a null upgrade
 
(Filename: /home/builduser/buildslave/unity/build/artifacts/generated/common/runtime/UnityEngineDebugBindings.gen.cpp Line: 37)

Trying to revert a null upgrade
 
(Filename: /home/builduser/buildslave/unity/build/artifacts/generated/common/runtime/UnityEngineDebugBindings.gen.cpp Line: 37)

Trying to revert a null upgrade
 
(Filename: /home/builduser/buildslave/unity/build/artifacts/generated/common/runtime/UnityEngineDebugBindings.gen.cpp Line: 37)

Trying to revert a null upgrade
 
(Filename: /home/builduser/buildslave/unity/build/artifacts/generated/common/runtime/UnityEngineDebugBindings.gen.cpp Line: 37)

Trying to revert a null upgrade
 
(Filename: /home/builduser/buildslave/unity/build/artifacts/generated/common/runtime/UnityEngineDebugBindings.gen.cpp Line: 37)

Trying to revert a null upgrade
 
(Filename: /home/builduser/buildslave/unity/build/artifacts/generated/common/runtime/UnityEngineDebugBindings.gen.cpp Line: 37)

Trying to revert a null upgrade
 
(Filename: /home/builduser/buildslave/unity/build/artifacts/generated/common/runtime/UnityEngineDebugBindings.gen.cpp Line: 37)

Trying to revert a null upgrade
 
(Filename: /home/builduser/buildslave/unity/build/artifacts/generated/common/runtime/UnityEngineDebugBindings.gen.cpp Line: 37)

